<?xml version="1.0" encoding="UTF-8"?>
<testsuite name="ParserSyntaxTest" tests="1" skipped="0" failures="0" errors="0" timestamp="2023-02-22T10:50:45" hostname="DESKTOP-EBFI28T" time="0.05">
  <properties/>
  <testcase name="planWhileTest()" classname="ParserSyntaxTest" time="0.05"/>
  <system-out><![CDATA[{
  i = 0,
  counter = 10,
}
{
  i = 0,
  counter = 0,
}
{
  i = 990000,
  counter = 10000,
}
{
  i = 0,
  counter = 500,
}
move up
move upright
move up
move down
move downleft
move down
move up
move upright
move up
move down
{
  Random = 201,
  i = 0,
  Budget = 40,
  dir = 3,
  m = 10,
}
]]></system-out>
  <system-err><![CDATA[74
67
79
78
325
]]></system-err>
</testsuite>
