<?xml version="1.0" encoding="UTF-8"?>
<testsuite name="ParserSyntaxTest" tests="1" skipped="0" failures="0" errors="0" timestamp="2023-02-22T09:01:02" hostname="DESKTOP-EBFI28T" time="0.031">
  <properties/>
  <testcase name="planIfTest()" classname="ParserSyntaxTest" time="0.031"/>
  <system-out><![CDATA[move up
{
  Random = 96,
  dir = 0,
}
]]></system-out>
  <system-err><![CDATA[261
]]></system-err>
</testsuite>
