<?xml version="1.0" encoding="UTF-8"?>
<testsuite name="ParserSyntaxTest" tests="1" skipped="0" failures="0" errors="0" timestamp="2023-02-22T10:10:55" hostname="DESKTOP-EBFI28T" time="0.247">
  <properties/>
  <testcase name="planWhileTest()" classname="ParserSyntaxTest" time="0.247"/>
  <system-out><![CDATA[collect 50
move down
collect 50
move down
collect 50
move down
collect 50
move down
collect 50
move down
collect 50
move down
collect 50
move down
collect 50
move down
collect 50
move down
collect 50
move down
collect 50
move down
collect 50
move down
collect 50
move down
collect 50
move down
collect 50
move down
collect 50
move down
collect 50
move down
collect 50
move down
collect 50
move down
collect 50
move down
collect 50
move down
collect 50
move down
collect 50
move down
collect 50
move down
collect 50
move down
collect 50
move down
collect 50
move down
collect 50
move down
collect 50
move down
collect 50
move down
collect 50
move down
collect 50
move down
collect 50
move down
collect 50
move down
collect 50
move down
collect 50
move down
collect 50
move down
collect 50
move down
collect 50
move down
collect 50
move down
collect 50
move down
collect 50
move down
collect 50
move down
collect 50
move down
collect 50
move down
collect 50
move down
collect 50
move down
collect 50
move down
collect 50
move down
collect 50
move down
collect 50
move down
collect 50
move down
collect 50
move down
collect 50
move down
collect 50
move down
collect 50
move down
collect 50
move down
collect 50
move down
collect 50
move down
collect 50
move down
collect 50
move down
collect 50
move down
collect 50
move down
collect 50
move down
collect 50
move down
collect 50
move down
collect 50
move down
collect 50
move down
collect 50
move down
collect 50
move down
collect 50
move down
collect 50
move down
collect 50
move down
collect 50
move down
collect 50
move down
collect 50
move down
collect 50
move down
collect 50
move down
collect 50
move down
collect 50
move down
collect 50
move down
collect 50
move down
collect 50
move down
collect 50
move down
collect 50
move down
collect 50
move down
collect 50
move down
collect 50
move down
collect 50
move down
collect 50
move down
collect 50
move down
collect 50
move down
collect 50
move down
collect 50
move down
collect 50
move down
collect 50
move down
collect 50
move down
collect 50
move down
collect 50
move down
collect 50
move down
collect 50
move down
collect 50
move down
collect 50
move down
collect 50
move down
collect 50
move down
collect 50
move down
collect 50
move down
collect 50
move down
collect 50
move down
collect 50
move down
collect 50
move down
collect 50
move down
collect 50
move down
collect 50
move down
collect 50
move down
collect 50
move down
collect 50
move down
collect 50
move down
collect 50
move down
collect 50
move down
collect 50
move down
collect 50
move down
collect 50
move down
collect 50
move down
collect 50
move down
collect 50
move down
collect 50
move down
collect 50
move down
collect 50
move down
collect 50
move down
collect 50
move down
collect 50
move down
collect 50
move down
collect 50
move down
collect 50
move down
collect 50
move down
collect 50
move down
collect 50
move down
collect 50
move down
collect 50
move down
collect 50
move down
collect 50
move down
collect 50
move down
collect 50
move down
collect 50
move down
collect 50
move down
collect 50
move down
collect 50
move down
collect 50
move down
collect 50
move down
collect 50
move down
collect 50
move down
collect 50
move down
collect 50
move down
collect 50
move down
collect 50
move down
collect 50
move down
collect 50
move down
collect 50
move down
collect 50
move down
collect 50
move down
collect 50
move down
collect 50
move down
collect 50
move down
collect 50
move down
collect 50
move down
collect 50
move down
collect 50
move down
collect 50
move down
collect 50
move down
collect 50
move down
collect 50
move down
collect 50
move down
collect 50
move down
collect 50
move down
collect 50
move down
collect 50
move down
collect 50
move down
collect 50
move down
collect 50
move down
collect 50
move down
collect 50
move down
collect 50
move down
collect 50
move down
collect 50
move down
collect 50
move down
collect 50
move down
collect 50
move down
collect 50
move down
collect 50
move down
collect 50
move down
collect 50
move down
collect 50
move down
collect 50
move down
collect 50
move down
collect 50
move down
collect 50
move down
collect 50
move down
collect 50
move down
collect 50
move down
collect 50
move down
collect 50
move down
collect 50
move down
collect 50
move down
collect 50
move down
collect 50
move down
collect 50
move down
collect 50
move down
collect 50
move down
collect 50
move down
collect 50
move down
collect 50
move down
collect 50
move down
collect 50
move down
collect 50
move down
collect 50
move down
collect 50
move down
collect 50
move down
collect 50
move down
collect 50
move down
collect 50
move down
collect 50
move down
collect 50
move down
collect 50
move down
collect 50
move down
collect 50
move down
collect 50
move down
collect 50
move down
collect 50
move down
collect 50
move down
collect 50
move down
collect 50
move down
collect 50
move down
collect 50
move down
collect 50
move down
collect 50
move down
collect 50
move down
collect 50
move down
collect 50
move down
collect 50
move down
collect 50
move down
collect 50
move down
collect 50
move down
collect 50
move down
collect 50
move down
collect 50
move down
collect 50
move down
collect 50
move down
collect 50
move down
collect 50
move down
collect 50
move down
collect 50
move down
collect 50
move down
collect 50
move down
collect 50
move down
collect 50
move down
collect 50
move down
collect 50
move down
collect 50
move down
collect 50
move down
collect 50
move down
collect 50
move down
collect 50
move down
collect 50
move down
collect 50
move down
collect 50
move down
collect 50
move down
collect 50
move down
collect 50
move down
collect 50
move down
collect 50
move down
collect 50
move down
collect 50
move down
collect 50
move down
collect 50
move down
collect 50
move down
collect 50
move down
collect 50
move down
collect 50
move down
collect 50
move down
collect 50
move down
collect 50
move down
collect 50
move down
collect 50
move down
collect 50
move down
collect 50
move down
collect 50
move down
collect 50
move down
collect 50
move down
collect 50
move down
collect 50
move down
collect 50
move down
collect 50
move down
collect 50
move down
collect 50
move down
collect 50
move down
collect 50
move down
collect 50
move down
collect 50
move down
collect 50
move down
collect 50
move down
collect 50
move down
collect 50
move down
collect 50
move down
collect 50
move down
collect 50
move down
collect 50
move down
collect 50
move down
collect 50
move down
collect 50
move down
collect 50
move down
collect 50
move down
collect 50
move down
collect 50
move down
collect 50
move down
collect 50
move down
collect 50
move down
collect 50
move down
collect 50
move down
collect 50
move down
collect 50
move down
collect 50
move down
collect 50
move down
collect 50
move down
collect 50
move down
collect 50
move down
collect 50
move down
collect 50
move down
collect 50
move down
collect 50
move down
collect 50
move down
collect 50
move down
collect 50
move down
collect 50
move down
collect 50
move down
collect 50
move down
collect 50
move down
collect 50
move down
collect 50
move down
collect 50
move down
collect 50
move down
collect 50
move down
collect 50
move down
collect 50
move down
collect 50
move down
collect 50
move down
collect 50
move down
collect 50
move down
collect 50
move down
collect 50
move down
collect 50
move down
collect 50
move down
collect 50
move down
collect 50
move down
collect 50
move down
collect 50
move down
collect 50
move down
collect 50
move down
collect 50
move down
collect 50
move down
collect 50
move down
collect 50
move down
collect 50
move down
collect 50
move down
collect 50
move down
collect 50
move down
collect 50
move down
collect 50
move down
collect 50
move down
collect 50
move down
collect 50
move down
collect 50
move down
collect 50
move down
collect 50
move down
collect 50
move down
collect 50
move down
collect 50
move down
collect 50
move down
collect 50
move down
collect 50
move down
collect 50
move down
collect 50
move down
collect 50
move down
collect 50
move down
collect 50
move down
collect 50
move down
collect 50
move down
collect 50
move down
collect 50
move down
collect 50
move down
collect 50
move down
collect 50
move down
collect 50
move down
collect 50
move down
collect 50
move down
collect 50
move down
collect 50
move down
collect 50
move down
collect 50
move down
collect 50
move down
collect 50
move down
collect 50
move down
collect 50
move down
collect 50
move down
collect 50
move down
collect 50
move down
collect 50
move down
collect 50
move down
collect 50
move down
collect 50
move down
collect 50
move down
collect 50
move down
collect 50
move down
collect 50
move down
collect 50
move down
collect 50
move down
collect 50
move down
collect 50
move down
collect 50
move down
collect 50
move down
collect 50
move down
collect 50
move down
collect 50
move down
collect 50
move down
collect 50
move down
collect 50
move down
collect 50
move down
collect 50
move down
collect 50
move down
collect 50
move down
collect 50
move down
collect 50
move down
collect 50
move down
collect 50
move down
collect 50
move down
collect 50
move down
collect 50
move down
collect 50
move down
collect 50
move down
collect 50
move down
collect 50
move down
collect 50
move down
collect 50
move down
collect 50
move down
collect 50
move down
collect 50
move down
collect 50
move down
collect 50
move down
collect 50
move down
collect 50
move down
collect 50
move down
collect 50
move down
collect 50
move down
collect 50
move down
collect 50
move down
collect 50
move down
collect 50
move down
collect 50
move down
collect 50
move down
collect 50
move down
collect 50
move down
collect 50
move down
collect 50
move down
collect 50
move down
collect 50
move down
collect 50
move down
collect 50
move down
collect 50
move down
collect 50
move down
collect 50
move down
collect 50
move down
collect 50
move down
collect 50
move down
collect 50
move down
collect 50
move down
collect 50
move down
collect 50
move down
collect 50
move down
collect 50
move down
collect 50
move down
collect 50
move down
collect 50
move down
collect 50
move down
collect 50
move down
collect 50
move down
collect 50
move down
collect 50
move down
collect 50
move down
collect 50
move down
collect 50
move down
collect 50
move down
collect 50
move down
collect 50
move down
collect 50
move down
collect 50
move down
collect 50
move down
collect 50
move down
collect 50
move down
collect 50
move down
collect 50
move down
collect 50
move down
collect 50
move down
collect 50
move down
collect 50
move down
collect 50
move down
collect 50
move down
collect 50
move down
collect 50
move down
collect 50
move down
collect 50
move down
collect 50
move down
collect 50
move down
collect 50
move down
collect 50
move down
collect 50
move down
collect 50
move down
collect 50
move down
collect 50
move down
collect 50
move down
collect 50
move down
collect 50
move down
collect 50
move down
collect 50
move down
collect 50
move down
collect 50
move down
collect 50
move down
collect 50
move down
collect 50
move down
collect 50
move down
collect 50
move down
collect 50
move down
collect 50
move down
collect 50
move down
collect 50
move down
collect 50
move down
collect 50
move down
collect 50
move down
collect 50
move down
collect 50
move down
collect 50
move down
collect 50
move down
collect 50
move down
collect 50
move down
collect 50
move down
collect 50
move down
collect 50
move down
collect 50
move down
collect 50
move down
collect 50
move down
collect 50
move down
collect 50
move down
collect 50
move down
collect 50
move down
collect 50
move down
collect 50
move down
collect 50
move down
collect 50
move down
collect 50
move down
collect 50
move down
collect 50
move down
collect 50
move down
collect 50
move down
collect 50
move down
collect 50
move down
collect 50
move down
collect 50
move down
collect 50
move down
collect 50
move down
collect 50
move down
collect 50
move down
collect 50
move down
collect 50
move down
collect 50
move down
collect 50
move down
collect 50
move down
collect 50
move down
collect 50
move down
collect 50
move down
collect 50
move down
collect 50
move down
collect 50
move down
collect 50
move down
collect 50
move down
collect 50
move down
collect 50
move down
collect 50
move down
collect 50
move down
collect 50
move down
collect 50
move down
collect 50
move down
collect 50
move down
collect 50
move down
collect 50
move down
collect 50
move down
collect 50
move down
collect 50
move down
collect 50
move down
collect 50
move down
collect 50
move down
collect 50
move down
collect 50
move down
collect 50
move down
collect 50
move down
collect 50
move down
collect 50
move down
collect 50
move down
collect 50
move down
collect 50
move down
collect 50
move down
collect 50
move down
collect 50
move down
collect 50
move down
collect 50
move down
collect 50
move down
collect 50
move down
collect 50
move down
collect 50
move down
collect 50
move down
collect 50
move down
collect 50
move down
collect 50
move down
collect 50
move down
collect 50
move down
collect 50
move down
collect 50
move down
collect 50
move down
collect 50
move down
collect 50
move down
collect 50
move down
collect 50
move down
collect 50
move down
collect 50
move down
collect 50
move down
collect 50
move down
collect 50
move down
collect 50
move down
collect 50
move down
collect 50
move down
collect 50
move down
collect 50
move down
collect 50
move down
collect 50
move down
collect 50
move down
collect 50
move down
collect 50
move down
collect 50
move down
collect 50
move down
collect 50
move down
collect 50
move down
collect 50
move down
collect 50
move down
collect 50
move down
collect 50
move down
collect 50
move down
collect 50
move down
collect 50
move down
collect 50
move down
collect 50
move down
collect 50
move down
collect 50
move down
collect 50
move down
collect 50
move down
collect 50
move down
collect 50
move down
collect 50
move down
collect 50
move down
collect 50
move down
collect 50
move down
collect 50
move down
collect 50
move down
collect 50
move down
collect 50
move down
collect 50
move down
collect 50
move down
collect 50
move down
collect 50
move down
collect 50
move down
collect 50
move down
collect 50
move down
collect 50
move down
collect 50
move down
collect 50
move down
collect 50
move down
collect 50
move down
collect 50
move down
collect 50
move down
collect 50
move down
collect 50
move down
collect 50
move down
collect 50
move down
collect 50
move down
collect 50
move down
collect 50
move down
collect 50
move down
collect 50
move down
collect 50
move down
collect 50
move down
collect 50
move down
collect 50
move down
collect 50
move down
collect 50
move down
collect 50
move down
collect 50
move down
collect 50
move down
collect 50
move down
collect 50
move down
collect 50
move down
collect 50
move down
collect 50
move down
collect 50
move down
collect 50
move down
collect 50
move down
collect 50
move down
collect 50
move down
collect 50
move down
collect 50
move down
collect 50
move down
collect 50
move down
collect 50
move down
collect 50
move down
collect 50
move down
collect 50
move down
collect 50
move down
collect 50
move down
collect 50
move down
collect 50
move down
collect 50
move down
collect 50
move down
collect 50
move down
collect 50
move down
collect 50
move down
collect 50
move down
collect 50
move down
collect 50
move down
collect 50
move down
collect 50
move down
collect 50
move down
collect 50
move down
collect 50
move down
collect 50
move down
collect 50
move down
collect 50
move down
collect 50
move down
collect 50
move down
collect 50
move down
collect 50
move down
collect 50
move down
collect 50
move down
collect 50
move down
collect 50
move down
collect 50
move down
collect 50
move down
collect 50
move down
collect 50
move down
collect 50
move down
collect 50
move down
collect 50
move down
collect 50
move down
collect 50
move down
collect 50
move down
collect 50
move down
collect 50
move down
collect 50
move down
collect 50
move down
collect 50
move down
collect 50
move down
collect 50
move down
collect 50
move down
collect 50
move down
collect 50
move down
collect 50
move down
collect 50
move down
collect 50
move down
collect 50
move down
collect 50
move down
collect 50
move down
collect 50
move down
collect 50
move down
collect 50
move down
collect 50
move down
collect 50
move down
collect 50
move down
collect 50
move down
collect 50
move down
collect 50
move down
collect 50
move down
collect 50
move down
collect 50
move down
collect 50
move down
collect 50
move down
collect 50
move down
collect 50
move down
collect 50
move down
collect 50
move down
collect 50
move down
collect 50
move down
collect 50
move down
collect 50
move down
collect 50
move down
collect 50
move down
collect 50
move down
collect 50
move down
collect 50
move down
collect 50
move down
collect 50
move down
collect 50
move down
collect 50
move down
collect 50
move down
collect 50
move down
collect 50
move down
collect 50
move down
collect 50
move down
collect 50
move down
collect 50
move down
collect 50
move down
collect 50
move down
collect 50
move down
collect 50
move down
collect 50
move down
collect 50
move down
collect 50
move down
collect 50
move down
collect 50
move down
collect 50
move down
collect 50
move down
collect 50
move down
collect 50
move down
collect 50
move down
collect 50
move down
collect 50
move down
collect 50
move down
collect 50
move down
collect 50
move down
collect 50
move down
collect 50
move down
collect 50
move down
collect 50
move down
collect 50
move down
collect 50
move down
collect 50
move down
collect 50
move down
collect 50
move down
collect 50
move down
collect 50
move down
collect 50
move down
collect 50
move down
collect 50
move down
collect 50
move down
collect 50
move down
collect 50
move down
collect 50
move down
collect 50
move down
collect 50
move down
collect 50
move down
collect 50
move down
collect 50
move down
collect 50
move down
collect 50
move down
collect 50
move down
collect 50
move down
collect 50
move down
collect 50
move down
collect 50
move down
collect 50
move down
collect 50
move down
collect 50
move down
collect 50
move down
collect 50
move down
collect 50
move down
collect 50
move down
collect 50
move down
collect 50
move down
collect 50
move down
collect 50
move down
collect 50
move down
collect 50
move down
collect 50
move down
collect 50
move down
collect 50
move down
collect 50
move down
collect 50
move down
collect 50
move down
collect 50
move down
collect 50
move down
collect 50
move down
collect 50
move down
collect 50
move down
collect 50
move down
collect 50
move down
collect 50
move down
collect 50
move down
collect 50
move down
collect 50
move down
collect 50
move down
collect 50
move down
collect 50
move down
collect 50
move down
collect 50
move down
collect 50
move down
collect 50
move down
collect 50
move down
collect 50
move down
collect 50
move down
collect 50
move down
collect 50
move down
collect 50
move down
collect 50
move down
collect 50
move down
collect 50
move down
collect 50
move down
collect 50
move down
collect 50
move down
collect 50
move down
collect 50
move down
collect 50
move down
collect 50
move down
collect 50
move down
collect 50
move down
collect 50
move down
collect 50
move down
collect 50
move down
collect 50
move down
collect 50
move down
collect 50
move down
collect 50
move down
collect 50
move down
collect 50
move down
collect 50
move down
collect 50
move down
collect 50
move down
collect 50
move down
collect 50
move down
collect 50
move down
collect 50
move down
collect 50
move down
collect 50
move down
collect 50
move down
collect 50
move down
collect 50
move down
collect 50
move down
collect 50
move down
collect 50
move down
collect 50
move down
collect 50
move down
collect 50
move down
collect 50
move down
collect 50
move down
collect 50
move down
collect 50
move down
collect 50
move down
collect 50
move down
collect 50
move down
collect 50
move down
collect 50
move down
collect 50
move down
collect 50
move down
collect 50
move down
collect 50
move down
collect 50
move down
collect 50
move down
collect 50
move down
collect 50
move down
collect 50
move down
collect 50
move down
collect 50
move down
collect 50
move down
collect 50
move down
collect 50
move down
collect 50
move down
collect 50
move down
collect 50
move down
collect 50
move down
collect 50
move down
collect 50
move down
collect 50
move down
collect 50
move down
collect 50
move down
collect 50
move down
collect 50
move down
collect 50
move down
collect 50
move down
collect 50
move down
collect 50
move down
collect 50
move down
collect 50
move down
collect 50
move down
collect 50
move down
collect 50
move down
collect 50
move down
collect 50
move down
collect 50
move down
collect 50
move down
collect 50
move down
collect 50
move down
collect 50
move down
collect 50
move down
collect 50
move down
collect 50
move down
collect 50
move down
collect 50
move down
collect 50
move down
collect 50
move down
collect 50
move down
collect 50
move down
collect 50
move down
collect 50
move down
collect 50
move down
collect 50
move down
collect 50
move down
collect 50
move down
collect 50
move down
collect 50
move down
collect 50
move down
collect 50
move down
collect 50
move down
collect 50
move down
collect 50
move down
collect 50
move down
collect 50
move down
collect 50
move down
collect 50
move down
collect 50
move down
collect 50
move down
collect 50
move down
collect 50
move down
collect 50
move down
collect 50
move down
collect 50
move down
collect 50
move down
collect 50
move down
collect 50
move down
collect 50
move down
collect 50
move down
collect 50
move down
collect 50
move down
collect 50
move down
collect 50
move down
collect 50
move down
collect 50
move down
collect 50
move down
collect 50
move down
collect 50
move down
collect 50
move down
collect 50
move down
collect 50
move down
collect 50
move down
collect 50
move down
collect 50
move down
collect 50
move down
collect 50
move down
collect 50
move down
collect 50
move down
collect 50
move down
collect 50
move down
collect 50
move down
collect 50
move down
collect 50
move down
collect 50
move down
collect 50
move down
collect 50
move down
collect 50
move down
collect 50
move down
collect 50
move down
collect 50
move down
collect 50
move down
collect 50
move down
collect 50
move down
collect 50
move down
collect 50
move down
collect 50
move down
collect 50
move down
collect 50
move down
collect 50
move down
collect 50
move down
collect 50
move down
collect 50
move down
collect 50
move down
collect 50
move down
collect 50
move down
collect 50
move down
collect 50
move down
collect 50
move down
collect 50
move down
collect 50
move down
collect 50
move down
collect 50
move down
collect 50
move down
collect 50
move down
collect 50
move down
collect 50
move down
collect 50
move down
collect 50
move down
collect 50
move down
collect 50
move down
collect 50
move down
collect 50
move down
collect 50
move down
collect 50
move down
collect 50
move down
collect 50
move down
collect 50
move down
collect 50
move down
collect 50
move down
collect 50
move down
collect 50
move down
collect 50
move down
collect 50
move down
collect 50
move down
collect 50
move down
collect 50
move down
collect 50
move down
collect 50
move down
collect 50
move down
collect 50
move down
collect 50
move down
collect 50
move down
collect 50
move down
collect 50
move down
collect 50
move down
collect 50
move down
collect 50
move down
collect 50
move down
collect 50
move down
collect 50
move down
collect 50
move down
collect 50
move down
collect 50
move down
collect 50
move down
collect 50
move down
collect 50
move down
collect 50
move down
collect 50
move down
collect 50
move down
collect 50
move down
collect 50
move down
collect 50
move down
collect 50
move down
collect 50
move down
collect 50
move down
collect 50
move down
collect 50
move down
collect 50
move down
collect 50
move down
collect 50
move down
collect 50
move down
collect 50
move down
collect 50
move down
collect 50
move down
collect 50
move down
collect 50
move down
collect 50
move down
collect 50
move down
collect 50
move down
collect 50
move down
collect 50
move down
collect 50
move down
collect 50
move down
collect 50
move down
collect 50
move down
collect 50
move down
collect 50
move down
collect 50
move down
collect 50
move down
collect 50
move down
collect 50
move down
collect 50
move down
collect 50
move down
collect 50
move down
collect 50
move down
collect 50
move down
collect 50
move down
collect 50
move down
collect 50
move down
collect 50
move down
collect 50
move down
collect 50
move down
collect 50
move down
collect 50
move down
collect 50
move down
collect 50
move down
collect 50
move down
collect 50
move down
collect 50
move down
collect 50
move down
collect 50
move down
collect 50
move down
collect 50
move down
collect 50
move down
collect 50
move down
collect 50
move down
collect 50
move down
collect 50
move down
collect 50
move down
collect 50
move down
collect 50
move down
collect 50
move down
collect 50
move down
collect 50
move down
collect 50
move down
collect 50
move down
collect 50
move down
collect 50
move down
collect 50
move down
collect 50
move down
collect 50
move down
collect 50
move down
collect 50
move down
collect 50
move down
collect 50
move down
collect 50
move down
collect 50
move down
collect 50
move down
collect 50
move down
collect 50
move down
collect 50
move down
collect 50
move down
collect 50
move down
collect 50
move down
collect 50
move down
collect 50
move down
collect 50
move down
collect 50
move down
collect 50
move down
collect 50
move down
collect 50
move down
collect 50
move down
collect 50
move down
collect 50
move down
collect 50
move down
collect 50
move down
collect 50
move down
collect 50
move down
collect 50
move down
collect 50
move down
collect 50
move down
collect 50
move down
collect 50
move down
collect 50
move down
collect 50
move down
collect 50
move down
collect 50
move down
collect 50
move down
collect 50
move down
collect 50
move down
collect 50
move down
collect 50
move down
collect 50
move down
collect 50
move down
collect 50
move down
collect 50
move down
collect 50
move down
collect 50
move down
collect 50
move down
collect 50
move down
collect 50
move down
collect 50
move down
collect 50
move down
collect 50
move down
collect 50
move down
collect 50
move down
collect 50
move down
collect 50
move down
collect 50
move down
collect 50
move down
collect 50
move down
collect 50
move down
collect 50
move down
collect 50
move down
collect 50
move down
collect 50
move down
collect 50
move down
collect 50
move down
collect 50
move down
collect 50
move down
collect 50
move down
collect 50
move down
collect 50
move down
collect 50
move down
collect 50
move down
collect 50
move down
collect 50
move down
collect 50
move down
collect 50
move down
collect 50
move down
collect 50
move down
collect 50
move down
collect 50
move down
collect 50
move down
collect 50
move down
collect 50
move down
collect 50
move down
collect 50
move down
collect 50
move down
collect 50
move down
collect 50
move down
collect 50
move down
collect 50
move down
collect 50
move down
collect 50
move down
collect 50
move down
collect 50
move down
collect 50
move down
collect 50
move down
collect 50
move down
collect 50
move down
collect 50
move down
collect 50
move down
collect 50
move down
collect 50
move down
collect 50
move down
collect 50
move down
collect 50
move down
collect 50
move down
collect 50
move down
collect 50
move down
collect 50
move down
collect 50
move down
collect 50
move down
collect 50
move down
collect 50
move down
collect 50
move down
collect 50
move down
collect 50
move down
collect 50
move down
collect 50
move down
collect 50
move down
collect 50
move down
collect 50
move down
collect 50
move down
collect 50
move down
collect 50
move down
collect 50
move down
collect 50
move down
collect 50
move down
collect 50
move down
collect 50
move down
collect 50
move down
collect 50
move down
collect 50
move down
collect 50
move down
collect 50
move down
collect 50
move down
collect 50
move down
collect 50
move down
collect 50
move down
collect 50
move down
collect 50
move down
collect 50
move down
collect 50
move down
collect 50
move down
collect 50
move down
collect 50
move down
collect 50
move down
collect 50
move down
collect 50
move down
collect 50
move down
collect 50
move down
collect 50
move down
collect 50
move down
collect 50
move down
collect 50
move down
collect 50
move down
collect 50
move down
collect 50
move down
collect 50
move down
collect 50
move down
collect 50
move down
collect 50
move down
collect 50
move down
collect 50
move down
collect 50
move down
collect 50
move down
collect 50
move down
collect 50
move down
collect 50
move down
collect 50
move down
collect 50
move down
collect 50
move down
collect 50
move down
collect 50
move down
collect 50
move down
collect 50
move down
collect 50
move down
collect 50
move down
collect 50
move down
collect 50
move down
collect 50
move down
collect 50
move down
collect 50
move down
collect 50
move down
collect 50
move down
collect 50
move down
collect 50
move down
collect 50
move down
collect 50
move down
collect 50
move down
collect 50
move down
collect 50
move down
collect 50
move down
collect 50
move down
collect 50
move down
collect 50
move down
collect 50
move down
collect 50
move down
collect 50
move down
collect 50
move down
collect 50
move down
collect 50
move down
collect 50
move down
collect 50
move down
collect 50
move down
collect 50
move down
collect 50
move down
collect 50
move down
collect 50
move down
collect 50
move down
collect 50
move down
collect 50
move down
collect 50
move down
collect 50
move down
collect 50
move down
collect 50
move down
collect 50
move down
collect 50
move down
collect 50
move down
collect 50
move down
collect 50
move down
collect 50
move down
collect 50
move down
collect 50
move down
collect 50
move down
collect 50
move down
collect 50
move down
collect 50
move down
collect 50
move down
collect 50
move down
collect 50
move down
collect 50
move down
collect 50
move down
collect 50
move down
collect 50
move down
collect 50
move down
collect 50
move down
collect 50
move down
collect 50
move down
collect 50
move down
collect 50
move down
collect 50
move down
collect 50
move down
collect 50
move down
collect 50
move down
collect 50
move down
collect 50
move down
collect 50
move down
collect 50
move down
collect 50
move down
collect 50
move down
collect 50
move down
collect 50
move down
collect 50
move down
collect 50
move down
collect 50
move down
collect 50
move down
collect 50
move down
collect 50
move down
collect 50
move down
collect 50
move down
collect 50
move down
collect 50
move down
collect 50
move down
collect 50
move down
collect 50
move down
collect 50
move down
collect 50
move down
collect 50
move down
collect 50
move down
collect 50
move down
collect 50
move down
collect 50
move down
collect 50
move down
collect 50
move down
collect 50
move down
collect 50
move down
collect 50
move down
collect 50
move down
collect 50
move down
collect 50
move down
collect 50
move down
collect 50
move down
collect 50
move down
collect 50
move down
collect 50
move down
collect 50
move down
collect 50
move down
collect 50
move down
collect 50
move down
collect 50
move down
collect 50
move down
collect 50
move down
collect 50
move down
collect 50
move down
collect 50
move down
collect 50
move down
collect 50
move down
collect 50
move down
collect 50
move down
collect 50
move down
collect 50
move down
collect 50
move down
collect 50
move down
collect 50
move down
collect 50
move down
collect 50
move down
collect 50
move down
collect 50
move down
collect 50
move down
collect 50
move down
collect 50
move down
collect 50
move down
collect 50
move down
collect 50
move down
collect 50
move down
collect 50
move down
collect 50
move down
collect 50
move down
collect 50
move down
collect 50
move down
collect 50
move down
collect 50
move down
collect 50
move down
collect 50
move down
collect 50
move down
collect 50
move down
collect 50
move down
collect 50
move down
collect 50
move down
collect 50
move down
collect 50
move down
collect 50
move down
collect 50
move down
collect 50
move down
collect 50
move down
collect 50
move down
collect 50
move down
collect 50
move down
collect 50
move down
collect 50
move down
collect 50
move down
collect 50
move down
collect 50
move down
collect 50
move down
collect 50
move down
collect 50
move down
collect 50
move down
collect 50
move down
collect 50
move down
collect 50
move down
collect 50
move down
collect 50
move down
collect 50
move down
collect 50
move down
collect 50
move down
collect 50
move down
collect 50
move down
collect 50
move down
collect 50
move down
collect 50
move down
collect 50
move down
collect 50
move down
collect 50
move down
collect 50
move down
collect 50
move down
collect 50
move down
collect 50
move down
collect 50
move down
collect 50
move down
collect 50
move down
collect 50
move down
collect 50
move down
collect 50
move down
collect 50
move down
collect 50
move down
collect 50
move down
collect 50
move down
collect 50
move down
collect 50
move down
collect 50
move down
collect 50
move down
collect 50
move down
collect 50
move down
collect 50
move down
collect 50
move down
collect 50
move down
collect 50
move down
collect 50
move down
collect 50
move down
collect 50
move down
collect 50
move down
collect 50
move down
collect 50
move down
collect 50
move down
collect 50
move down
collect 50
move down
collect 50
move down
collect 50
move down
collect 50
move down
collect 50
move down
collect 50
move down
collect 50
move down
collect 50
move down
collect 50
move down
collect 50
move down
collect 50
move down
collect 50
move down
collect 50
move down
collect 50
move down
collect 50
move down
collect 50
move down
collect 50
move down
collect 50
move down
collect 50
move down
collect 50
move down
collect 50
move down
collect 50
move down
collect 50
move down
collect 50
move down
collect 50
move down
collect 50
move down
collect 50
move down
collect 50
move down
collect 50
move down
collect 50
move down
collect 50
move down
collect 50
move down
collect 50
move down
collect 50
move down
collect 50
move down
collect 50
move down
collect 50
move down
collect 50
move down
collect 50
move down
collect 50
move down
collect 50
move down
collect 50
move down
collect 50
move down
collect 50
move down
collect 50
move down
collect 50
move down
collect 50
move down
collect 50
move down
collect 50
move down
collect 50
move down
collect 50
move down
collect 50
move down
collect 50
move down
collect 50
move down
collect 50
move down
collect 50
move down
collect 50
move down
collect 50
move down
collect 50
move down
collect 50
move down
collect 50
move down
collect 50
move down
collect 50
move down
collect 50
move down
collect 50
move down
collect 50
move down
collect 50
move down
collect 50
move down
collect 50
move down
collect 50
move down
collect 50
move down
collect 50
move down
collect 50
move down
collect 50
move down
collect 50
move down
collect 50
move down
collect 50
move down
collect 50
move down
collect 50
move down
collect 50
move down
collect 50
move down
collect 50
move down
collect 50
move down
collect 50
move down
collect 50
move down
collect 50
move down
collect 50
move down
collect 50
move down
collect 50
move down
collect 50
move down
collect 50
move down
collect 50
move down
collect 50
move down
collect 50
move down
collect 50
move down
collect 50
move down
collect 50
move down
collect 50
move down
collect 50
move down
collect 50
move down
collect 50
move down
collect 50
move down
collect 50
move down
collect 50
move down
collect 50
move down
collect 50
move down
collect 50
move down
collect 50
move down
collect 50
move down
collect 50
move down
collect 50
move down
collect 50
move down
collect 50
move down
collect 50
move down
collect 50
move down
collect 50
move down
collect 50
move down
collect 50
move down
collect 50
move down
collect 50
move down
collect 50
move down
collect 50
move down
collect 50
move down
collect 50
move down
collect 50
move down
collect 50
move down
collect 50
move down
collect 50
move down
collect 50
move down
collect 50
move down
collect 50
move down
collect 50
move down
collect 50
move down
collect 50
move down
collect 50
move down
collect 50
move down
collect 50
move down
collect 50
move down
collect 50
move down
collect 50
move down
collect 50
move down
collect 50
move down
collect 50
move down
collect 50
move down
collect 50
move down
collect 50
move down
collect 50
move down
collect 50
move down
collect 50
move down
collect 50
move down
collect 50
move down
collect 50
move down
collect 50
move down
collect 50
move down
collect 50
move down
collect 50
move down
collect 50
move down
collect 50
move down
collect 50
move down
collect 50
move down
collect 50
move down
collect 50
move down
collect 50
move down
collect 50
move down
collect 50
move down
collect 50
move down
collect 50
move down
collect 50
move down
collect 50
move down
collect 50
move down
collect 50
move down
collect 50
move down
collect 50
move down
collect 50
move down
collect 50
move down
collect 50
move down
collect 50
move down
collect 50
move down
collect 50
move down
collect 50
move down
collect 50
move down
collect 50
move down
collect 50
move down
collect 50
move down
collect 50
move down
collect 50
move down
collect 50
move down
collect 50
move down
collect 50
move down
collect 50
move down
collect 50
move down
collect 50
move down
collect 50
move down
collect 50
move down
collect 50
move down
collect 50
move down
collect 50
move down
collect 50
move down
collect 50
move down
collect 50
move down
collect 50
move down
collect 50
move down
collect 50
move down
collect 50
move down
collect 50
move down
collect 50
move down
collect 50
move down
collect 50
move down
collect 50
move down
collect 50
move down
collect 50
move down
collect 50
move down
collect 50
move down
collect 50
move down
collect 50
move down
collect 50
move down
collect 50
move down
collect 50
move down
collect 50
move down
collect 50
move down
collect 50
move down
collect 50
move down
collect 50
move down
collect 50
move down
collect 50
move down
collect 50
move down
collect 50
move down
collect 50
move down
collect 50
move down
collect 50
move down
collect 50
move down
collect 50
move down
collect 50
move down
collect 50
move down
collect 50
move down
collect 50
move down
collect 50
move down
collect 50
move down
collect 50
move down
collect 50
move down
collect 50
move down
collect 50
move down
collect 50
move down
collect 50
move down
collect 50
move down
collect 50
move down
collect 50
move down
collect 50
move down
collect 50
move down
collect 50
move down
collect 50
move down
collect 50
move down
collect 50
move down
collect 50
move down
collect 50
move down
collect 50
move down
collect 50
move down
collect 50
move down
collect 50
move down
collect 50
move down
collect 50
move down
collect 50
move down
collect 50
move down
collect 50
move down
collect 50
move down
collect 50
move down
collect 50
move down
collect 50
move down
collect 50
move down
collect 50
move down
collect 50
move down
collect 50
move down
collect 50
move down
collect 50
move down
collect 50
move down
collect 50
move down
collect 50
move down
collect 50
move down
collect 50
move down
collect 50
move down
collect 50
move down
collect 50
move down
collect 50
move down
collect 50
move down
collect 50
move down
collect 50
move down
collect 50
move down
collect 50
move down
collect 50
move down
collect 50
move down
collect 50
move down
collect 50
move down
collect 50
move down
collect 50
move down
collect 50
move down
collect 50
move down
collect 50
move down
collect 50
move down
collect 50
move down
collect 50
move down
collect 50
move down
collect 50
move down
collect 50
move down
collect 50
move down
collect 50
move down
collect 50
move down
collect 50
move down
collect 50
move down
collect 50
move down
collect 50
move down
collect 50
move down
collect 50
move down
collect 50
move down
collect 50
move down
collect 50
move down
collect 50
move down
collect 50
move down
collect 50
move down
collect 50
move down
collect 50
move down
collect 50
move down
collect 50
move down
collect 50
move down
collect 50
move down
collect 50
move down
collect 50
move down
collect 50
move down
collect 50
move down
collect 50
move down
collect 50
move down
collect 50
move down
collect 50
move down
collect 50
move down
collect 50
move down
collect 50
move down
collect 50
move down
collect 50
move down
collect 50
move down
collect 50
move down
collect 50
move down
collect 50
move down
collect 50
move down
collect 50
move down
collect 50
move down
collect 50
move down
collect 50
move down
collect 50
move down
collect 50
move down
collect 50
move down
collect 50
move down
collect 50
move down
collect 50
move down
collect 50
move down
collect 50
move down
collect 50
move down
collect 50
move down
collect 50
move down
collect 50
move down
collect 50
move down
collect 50
move down
collect 50
move down
collect 50
move down
collect 50
move down
collect 50
move down
collect 50
move down
collect 50
move down
collect 50
move down
collect 50
move down
collect 50
move down
collect 50
move down
collect 50
move down
collect 50
move down
collect 50
move down
collect 50
move down
collect 50
move down
collect 50
move down
collect 50
move down
collect 50
move down
collect 50
move down
collect 50
move down
collect 50
move down
collect 50
move down
collect 50
move down
collect 50
move down
collect 50
move down
collect 50
move down
collect 50
move down
collect 50
move down
collect 50
move down
collect 50
move down
collect 50
move down
collect 50
move down
collect 50
move down
collect 50
move down
collect 50
move down
collect 50
move down
collect 50
move down
collect 50
move down
collect 50
move down
collect 50
move down
collect 50
move down
collect 50
move down
collect 50
move down
collect 50
move down
collect 50
move down
collect 50
move down
collect 50
move down
collect 50
move down
collect 50
move down
collect 50
move down
collect 50
move down
collect 50
move down
collect 50
move down
collect 50
move down
collect 50
move down
collect 50
move down
collect 50
move down
collect 50
move down
collect 50
move down
collect 50
move down
collect 50
move down
collect 50
move down
collect 50
move down
collect 50
move down
collect 50
move down
collect 50
move down
collect 50
move down
collect 50
move down
collect 50
move down
collect 50
move down
collect 50
move down
collect 50
move down
collect 50
move down
collect 50
move down
collect 50
move down
collect 50
move down
collect 50
move down
collect 50
move down
collect 50
move down
collect 50
move down
collect 50
move down
collect 50
move down
collect 50
move down
collect 50
move down
collect 50
move down
collect 50
move down
collect 50
move down
collect 50
move down
collect 50
move down
collect 50
move down
collect 50
move down
collect 50
move down
collect 50
move down
collect 50
move down
collect 50
move down
collect 50
move down
collect 50
move down
collect 50
move down
collect 50
move down
collect 50
move down
collect 50
move down
collect 50
move down
collect 50
move down
collect 50
move down
collect 50
move down
collect 50
move down
collect 50
move down
collect 50
move down
collect 50
move down
collect 50
move down
collect 50
move down
collect 50
move down
collect 50
move down
collect 50
move down
collect 50
move down
collect 50
move down
collect 50
move down
collect 50
move down
collect 50
move down
collect 50
move down
collect 50
move down
collect 50
move down
collect 50
move down
collect 50
move down
collect 50
move down
collect 50
move down
collect 50
move down
collect 50
move down
collect 50
move down
collect 50
move down
collect 50
move down
collect 50
move down
collect 50
move down
collect 50
move down
collect 50
move down
collect 50
move down
collect 50
move down
collect 50
move down
collect 50
move down
collect 50
move down
collect 50
move down
collect 50
move down
collect 50
move down
collect 50
move down
collect 50
move down
collect 50
move down
collect 50
move down
collect 50
move down
collect 50
move down
collect 50
move down
collect 50
move down
collect 50
move down
collect 50
move down
collect 50
move down
collect 50
move down
collect 50
move down
collect 50
move down
collect 50
move down
collect 50
move down
collect 50
move down
collect 50
move down
collect 50
move down
collect 50
move down
collect 50
move down
collect 50
move down
collect 50
move down
collect 50
move down
collect 50
move down
collect 50
move down
collect 50
move down
collect 50
move down
collect 50
move down
collect 50
move down
collect 50
move down
collect 50
move down
collect 50
move down
collect 50
move down
collect 50
move down
collect 50
move down
collect 50
move down
collect 50
move down
collect 50
move down
collect 50
move down
collect 50
move down
collect 50
move down
collect 50
move down
collect 50
move down
collect 50
move down
collect 50
move down
collect 50
move down
collect 50
move down
collect 50
move down
collect 50
move down
collect 50
move down
collect 50
move down
collect 50
move down
collect 50
move down
collect 50
move down
collect 50
move down
collect 50
move down
collect 50
move down
collect 50
move down
collect 50
move down
collect 50
move down
collect 50
move down
collect 50
move down
collect 50
move down
collect 50
move down
collect 50
move down
collect 50
move down
collect 50
move down
collect 50
move down
collect 50
move down
collect 50
move down
collect 50
move down
collect 50
move down
collect 50
move down
collect 50
move down
collect 50
move down
collect 50
move down
collect 50
move down
collect 50
move down
collect 50
move down
collect 50
move down
collect 50
move down
collect 50
move down
collect 50
move down
collect 50
move down
collect 50
move down
collect 50
move down
collect 50
move down
collect 50
move down
collect 50
move down
collect 50
move down
collect 50
move down
collect 50
move down
collect 50
move down
collect 50
move down
collect 50
move down
collect 50
move down
collect 50
move down
collect 50
move down
collect 50
move down
collect 50
move down
collect 50
move down
collect 50
move down
collect 50
move down
collect 50
move down
collect 50
move down
collect 50
move down
collect 50
move down
collect 50
move down
collect 50
move down
collect 50
move down
collect 50
move down
collect 50
move down
collect 50
move down
collect 50
move down
collect 50
move down
collect 50
move down
collect 50
move down
collect 50
move down
collect 50
move down
collect 50
move down
collect 50
move down
collect 50
move down
collect 50
move down
collect 50
move down
collect 50
move down
collect 50
move down
collect 50
move down
collect 50
move down
collect 50
move down
collect 50
move down
collect 50
move down
collect 50
move down
collect 50
move down
collect 50
move down
collect 50
move down
collect 50
move down
collect 50
move down
collect 50
move down
collect 50
move down
collect 50
move down
collect 50
move down
collect 50
move down
collect 50
move down
collect 50
move down
collect 50
move down
collect 50
move down
collect 50
move down
collect 50
move down
collect 50
move down
collect 50
move down
collect 50
move down
collect 50
move down
collect 50
move down
collect 50
move down
collect 50
move down
collect 50
move down
collect 50
move down
collect 50
move down
collect 50
move down
collect 50
move down
collect 50
move down
collect 50
move down
collect 50
move down
collect 50
move down
collect 50
move down
collect 50
move down
collect 50
move down
collect 50
move down
collect 50
move down
collect 50
move down
collect 50
move down
collect 50
move down
collect 50
move down
collect 50
move down
collect 50
move down
collect 50
move down
collect 50
move down
collect 50
move down
collect 50
move down
collect 50
move down
collect 50
move down
collect 50
move down
collect 50
move down
collect 50
move down
collect 50
move down
collect 50
move down
collect 50
move down
collect 50
move down
collect 50
move down
collect 50
move down
collect 50
move down
collect 50
move down
collect 50
move down
collect 50
move down
collect 50
move down
collect 50
move down
collect 50
move down
collect 50
move down
collect 50
move down
collect 50
move down
collect 50
move down
collect 50
move down
collect 50
move down
collect 50
move down
collect 50
move down
collect 50
move down
collect 50
move down
collect 50
move down
collect 50
move down
collect 50
move down
collect 50
move down
collect 50
move down
collect 50
move down
collect 50
move down
collect 50
move down
collect 50
move down
collect 50
move down
collect 50
move down
collect 50
move down
collect 50
move down
collect 50
move down
collect 50
move down
collect 50
move down
collect 50
move down
collect 50
move down
collect 50
move down
collect 50
move down
collect 50
move down
collect 50
move down
collect 50
move down
collect 50
move down
collect 50
move down
collect 50
move down
collect 50
move down
collect 50
move down
collect 50
move down
collect 50
move down
collect 50
move down
collect 50
move down
collect 50
move down
collect 50
move down
collect 50
move down
collect 50
move down
collect 50
move down
collect 50
move down
collect 50
move down
collect 50
move down
collect 50
move down
collect 50
move down
collect 50
move down
collect 50
move down
collect 50
move down
collect 50
move down
collect 50
move down
collect 50
move down
collect 50
move down
collect 50
move down
collect 50
move down
collect 50
move down
collect 50
move down
collect 50
move down
collect 50
move down
collect 50
move down
collect 50
move down
collect 50
move down
collect 50
move down
collect 50
move down
collect 50
move down
collect 50
move down
collect 50
move down
collect 50
move down
collect 50
move down
collect 50
move down
collect 50
move down
collect 50
move down
collect 50
move down
collect 50
move down
collect 50
move down
collect 50
move down
collect 50
move down
collect 50
move down
collect 50
move down
collect 50
move down
collect 50
move down
collect 50
move down
collect 50
move down
collect 50
move down
collect 50
move down
collect 50
move down
collect 50
move down
collect 50
move down
collect 50
move down
collect 50
move down
collect 50
move down
collect 50
move down
collect 50
move down
collect 50
move down
collect 50
move down
collect 50
move down
collect 50
move down
collect 50
move down
collect 50
move down
collect 50
move down
collect 50
move down
collect 50
move down
collect 50
move down
collect 50
move down
collect 50
move down
collect 50
move down
collect 50
move down
collect 50
move down
collect 50
move down
collect 50
move down
collect 50
move down
collect 50
move down
collect 50
move down
collect 50
move down
collect 50
move down
collect 50
move down
collect 50
move down
collect 50
move down
collect 50
move down
collect 50
move down
collect 50
move down
collect 50
move down
collect 50
move down
collect 50
move down
collect 50
move down
collect 50
move down
collect 50
move down
collect 50
move down
collect 50
move down
collect 50
move down
collect 50
move down
collect 50
move down
collect 50
move down
collect 50
move down
collect 50
move down
collect 50
move down
collect 50
move down
collect 50
move down
collect 50
move down
collect 50
move down
collect 50
move down
collect 50
move down
collect 50
move down
collect 50
move down
collect 50
move down
collect 50
move down
collect 50
move down
collect 50
move down
collect 50
move down
collect 50
move down
collect 50
move down
collect 50
move down
collect 50
move down
collect 50
move down
collect 50
move down
collect 50
move down
collect 50
move down
collect 50
move down
collect 50
move down
collect 50
move down
collect 50
move down
collect 50
move down
collect 50
move down
collect 50
move down
collect 50
move down
collect 50
move down
collect 50
move down
collect 50
move down
collect 50
move down
collect 50
move down
collect 50
move down
collect 50
move down
collect 50
move down
collect 50
move down
collect 50
move down
collect 50
move down
collect 50
move down
collect 50
move down
collect 50
move down
collect 50
move down
collect 50
move down
collect 50
move down
collect 50
move down
collect 50
move down
collect 50
move down
collect 50
move down
collect 50
move down
collect 50
move down
collect 50
move down
collect 50
move down
collect 50
move down
collect 50
move down
collect 50
move down
collect 50
move down
collect 50
move down
collect 50
move down
collect 50
move down
collect 50
move down
collect 50
move down
collect 50
move down
collect 50
move down
collect 50
move down
collect 50
move down
collect 50
move down
collect 50
move down
collect 50
move down
collect 50
move down
collect 50
move down
collect 50
move down
collect 50
move down
collect 50
move down
collect 50
move down
collect 50
move down
collect 50
move down
collect 50
move down
collect 50
move down
collect 50
move down
collect 50
move down
collect 50
move down
collect 50
move down
collect 50
move down
collect 50
move down
collect 50
move down
collect 50
move down
collect 50
move down
collect 50
move down
collect 50
move down
collect 50
move down
collect 50
move down
collect 50
move down
collect 50
move down
collect 50
move down
collect 50
move down
collect 50
move down
collect 50
move down
collect 50
move down
collect 50
move down
collect 50
move down
collect 50
move down
collect 50
move down
collect 50
move down
collect 50
move down
collect 50
move down
collect 50
move down
collect 50
move down
collect 50
move down
collect 50
move down
collect 50
move down
collect 50
move down
collect 50
move down
collect 50
move down
collect 50
move down
collect 50
move down
collect 50
move down
collect 50
move down
collect 50
move down
collect 50
move down
collect 50
move down
collect 50
move down
collect 50
move down
collect 50
move down
collect 50
move down
collect 50
move down
collect 50
move down
collect 50
move down
collect 50
move down
collect 50
move down
collect 50
move down
collect 50
move down
collect 50
move down
collect 50
move down
collect 50
move down
collect 50
move down
collect 50
move down
collect 50
move down
collect 50
move down
collect 50
move down
collect 50
move down
collect 50
move down
collect 50
move down
collect 50
move down
collect 50
move down
collect 50
move down
collect 50
move down
collect 50
move down
collect 50
move down
collect 50
move down
collect 50
move down
collect 50
move down
collect 50
move down
collect 50
move down
collect 50
move down
collect 50
move down
collect 50
move down
collect 50
move down
collect 50
move down
collect 50
move down
collect 50
move down
collect 50
move down
collect 50
move down
collect 50
move down
collect 50
move down
collect 50
move down
collect 50
move down
collect 50
move down
collect 50
move down
collect 50
move down
collect 50
move down
collect 50
move down
collect 50
move down
collect 50
move down
collect 50
move down
collect 50
move down
collect 50
move down
collect 50
move down
collect 50
move down
collect 50
move down
collect 50
move down
collect 50
move down
collect 50
move down
collect 50
move down
collect 50
move down
collect 50
move down
collect 50
move down
collect 50
move down
collect 50
move down
collect 50
move down
collect 50
move down
collect 50
move down
collect 50
move down
collect 50
move down
collect 50
move down
collect 50
move down
collect 50
move down
collect 50
move down
collect 50
move down
collect 50
move down
collect 50
move down
collect 50
move down
collect 50
move down
collect 50
move down
collect 50
move down
collect 50
move down
collect 50
move down
collect 50
move down
collect 50
move down
collect 50
move down
collect 50
move down
collect 50
move down
collect 50
move down
collect 50
move down
collect 50
move down
collect 50
move down
collect 50
move down
collect 50
move down
collect 50
move down
collect 50
move down
collect 50
move down
collect 50
move down
collect 50
move down
collect 50
move down
collect 50
move down
collect 50
move down
collect 50
move down
collect 50
move down
collect 50
move down
collect 50
move down
collect 50
move down
collect 50
move down
collect 50
move down
collect 50
move down
collect 50
move down
collect 50
move down
collect 50
move down
collect 50
move down
collect 50
move down
collect 50
move down
collect 50
move down
collect 50
move down
collect 50
move down
collect 50
move down
collect 50
move down
collect 50
move down
collect 50
move down
collect 50
move down
collect 50
move down
collect 50
move down
collect 50
move down
collect 50
move down
collect 50
move down
collect 50
move down
collect 50
move down
collect 50
move down
collect 50
move down
collect 50
move down
collect 50
move down
collect 50
move down
collect 50
move down
collect 50
move down
collect 50
move down
collect 50
move down
collect 50
move down
collect 50
move down
collect 50
move down
collect 50
move down
collect 50
move down
collect 50
move down
collect 50
move down
collect 50
move down
collect 50
move down
collect 50
move down
collect 50
move down
collect 50
move down
collect 50
move down
collect 50
move down
collect 50
move down
collect 50
move down
collect 50
move down
collect 50
move down
collect 50
move down
collect 50
move down
collect 50
move down
collect 50
move down
collect 50
move down
collect 50
move down
collect 50
move down
collect 50
move down
collect 50
move down
collect 50
move down
collect 50
move down
collect 50
move down
collect 50
move down
collect 50
move down
collect 50
move down
collect 50
move down
collect 50
move down
collect 50
move down
collect 50
move down
collect 50
move down
collect 50
move down
collect 50
move down
collect 50
move down
collect 50
move down
collect 50
move down
collect 50
move down
collect 50
move down
collect 50
move down
collect 50
move down
collect 50
move down
collect 50
move down
collect 50
move down
collect 50
move down
collect 50
move down
collect 50
move down
collect 50
move down
collect 50
move down
collect 50
move down
collect 50
move down
collect 50
move down
collect 50
move down
collect 50
move down
collect 50
move down
collect 50
move down
collect 50
move down
collect 50
move down
collect 50
move down
collect 50
move down
collect 50
move down
collect 50
move down
collect 50
move down
collect 50
move down
collect 50
move down
collect 50
move down
collect 50
move down
collect 50
move down
collect 50
move down
collect 50
move down
collect 50
move down
collect 50
move down
collect 50
move down
collect 50
move down
collect 50
move down
collect 50
move down
collect 50
move down
collect 50
move down
collect 50
move down
collect 50
move down
collect 50
move down
collect 50
move down
collect 50
move down
collect 50
move down
collect 50
move down
collect 50
move down
collect 50
move down
collect 50
move down
collect 50
move down
collect 50
move down
collect 50
move down
collect 50
move down
collect 50
move down
collect 50
move down
collect 50
move down
collect 50
move down
collect 50
move down
collect 50
move down
collect 50
move down
collect 50
move down
collect 50
move down
collect 50
move down
collect 50
move down
collect 50
move down
collect 50
move down
collect 50
move down
collect 50
move down
collect 50
move down
collect 50
move down
collect 50
move down
collect 50
move down
collect 50
move down
collect 50
move down
collect 50
move down
collect 50
move down
collect 50
move down
collect 50
move down
collect 50
move down
collect 50
move down
collect 50
move down
collect 50
move down
collect 50
move down
collect 50
move down
collect 50
move down
collect 50
move down
collect 50
move down
collect 50
move down
collect 50
move down
collect 50
move down
collect 50
move down
collect 50
move down
collect 50
move down
collect 50
move down
collect 50
move down
collect 50
move down
collect 50
move down
collect 50
move down
collect 50
move down
collect 50
move down
collect 50
move down
collect 50
move down
collect 50
move down
collect 50
move down
collect 50
move down
collect 50
move down
collect 50
move down
collect 50
move down
collect 50
move down
collect 50
move down
collect 50
move down
collect 50
move down
collect 50
move down
collect 50
move down
collect 50
move down
collect 50
move down
collect 50
move down
collect 50
move down
collect 50
move down
collect 50
move down
collect 50
move down
collect 50
move down
collect 50
move down
collect 50
move down
collect 50
move down
collect 50
move down
collect 50
move down
collect 50
move down
collect 50
move down
collect 50
move down
collect 50
move down
collect 50
move down
collect 50
move down
collect 50
move down
collect 50
move down
collect 50
move down
collect 50
move down
collect 50
move down
collect 50
move down
collect 50
move down
collect 50
move down
collect 50
move down
collect 50
move down
collect 50
move down
collect 50
move down
collect 50
move down
collect 50
move down
collect 50
move down
collect 50
move down
collect 50
move down
collect 50
move down
collect 50
move down
collect 50
move down
collect 50
move down
collect 50
move down
collect 50
move down
collect 50
move down
collect 50
move down
collect 50
move down
collect 50
move down
collect 50
move down
collect 50
move down
collect 50
move down
collect 50
move down
collect 50
move down
collect 50
move down
collect 50
move down
collect 50
move down
collect 50
move down
collect 50
move down
collect 50
move down
collect 50
move down
collect 50
move down
collect 50
move down
collect 50
move down
collect 50
move down
collect 50
move down
collect 50
move down
collect 50
move down
collect 50
move down
collect 50
move down
collect 50
move down
collect 50
move down
collect 50
move down
collect 50
move down
collect 50
move down
collect 50
move down
collect 50
move down
collect 50
move down
collect 50
move down
collect 50
move down
collect 50
move down
collect 50
move down
collect 50
move down
collect 50
move down
collect 50
move down
collect 50
move down
collect 50
move down
collect 50
move down
collect 50
move down
collect 50
move down
collect 50
move down
collect 50
move down
collect 50
move down
collect 50
move down
collect 50
move down
collect 50
move down
collect 50
move down
collect 50
move down
collect 50
move down
collect 50
move down
collect 50
move down
collect 50
move down
collect 50
move down
collect 50
move down
collect 50
move down
collect 50
move down
collect 50
move down
collect 50
move down
collect 50
move down
collect 50
move down
collect 50
move down
collect 50
move down
collect 50
move down
collect 50
move down
collect 50
move down
collect 50
move down
collect 50
move down
collect 50
move down
collect 50
move down
collect 50
move down
collect 50
move down
collect 50
move down
collect 50
move down
collect 50
move down
collect 50
move down
collect 50
move down
collect 50
move down
collect 50
move down
collect 50
move down
collect 50
move down
collect 50
move down
collect 50
move down
collect 50
move down
collect 50
move down
collect 50
move down
collect 50
move down
collect 50
move down
collect 50
move down
collect 50
move down
collect 50
move down
collect 50
move down
collect 50
move down
collect 50
move down
collect 50
move down
collect 50
move down
collect 50
move down
collect 50
move down
collect 50
move down
collect 50
move down
collect 50
move down
collect 50
move down
collect 50
move down
collect 50
move down
collect 50
move down
collect 50
move down
collect 50
move down
collect 50
move down
collect 50
move down
collect 50
move down
collect 50
move down
collect 50
move down
collect 50
move down
collect 50
move down
collect 50
move down
collect 50
move down
collect 50
move down
collect 50
move down
collect 50
move down
collect 50
move down
collect 50
move down
collect 50
move down
collect 50
move down
collect 50
move down
collect 50
move down
collect 50
move down
collect 50
move down
collect 50
move down
collect 50
move down
collect 50
move down
collect 50
move down
collect 50
move down
collect 50
move down
collect 50
move down
collect 50
move down
collect 50
move down
collect 50
move down
collect 50
move down
collect 50
move down
collect 50
move down
collect 50
move down
collect 50
move down
collect 50
move down
collect 50
move down
collect 50
move down
collect 50
move down
collect 50
move down
collect 50
move down
collect 50
move down
collect 50
move down
collect 50
move down
collect 50
move down
collect 50
move down
collect 50
move down
collect 50
move down
collect 50
move down
collect 50
move down
collect 50
move down
collect 50
move down
collect 50
move down
collect 50
move down
collect 50
move down
collect 50
move down
collect 50
move down
collect 50
move down
collect 50
move down
collect 50
move down
collect 50
move down
collect 50
move down
collect 50
move down
collect 50
move down
collect 50
move down
collect 50
move down
collect 50
move down
collect 50
move down
collect 50
move down
collect 50
move down
collect 50
move down
collect 50
move down
collect 50
move down
collect 50
move down
collect 50
move down
collect 50
move down
collect 50
move down
collect 50
move down
collect 50
move down
collect 50
move down
collect 50
move down
collect 50
move down
collect 50
move down
collect 50
move down
collect 50
move down
collect 50
move down
collect 50
move down
collect 50
move down
collect 50
move down
collect 50
move down
collect 50
move down
collect 50
move down
collect 50
move down
collect 50
move down
collect 50
move down
collect 50
move down
collect 50
move down
collect 50
move down
collect 50
move down
collect 50
move down
collect 50
move down
collect 50
move down
collect 50
move down
collect 50
move down
collect 50
move down
collect 50
move down
collect 50
move down
collect 50
move down
collect 50
move down
collect 50
move down
collect 50
move down
collect 50
move down
collect 50
move down
collect 50
move down
collect 50
move down
collect 50
move down
collect 50
move down
collect 50
move down
collect 50
move down
collect 50
move down
collect 50
move down
collect 50
move down
collect 50
move down
collect 50
move down
collect 50
move down
collect 50
move down
collect 50
move down
collect 50
move down
collect 50
move down
collect 50
move down
collect 50
move down
collect 50
move down
collect 50
move down
collect 50
move down
collect 50
move down
collect 50
move down
collect 50
move down
collect 50
move down
collect 50
move down
collect 50
move down
collect 50
move down
collect 50
move down
collect 50
move down
collect 50
move down
collect 50
move down
collect 50
move down
collect 50
move down
collect 50
move down
collect 50
move down
collect 50
move down
collect 50
move down
collect 50
move down
collect 50
move down
collect 50
move down
collect 50
move down
collect 50
move down
collect 50
move down
collect 50
move down
collect 50
move down
collect 50
move down
collect 50
move down
collect 50
move down
collect 50
move down
collect 50
move down
collect 50
move down
collect 50
move down
collect 50
move down
collect 50
move down
collect 50
move down
collect 50
move down
collect 50
move down
collect 50
move down
collect 50
move down
collect 50
move down
collect 50
move down
collect 50
move down
collect 50
move down
collect 50
move down
collect 50
move down
collect 50
move down
collect 50
move down
collect 50
move down
collect 50
move down
collect 50
move down
collect 50
move down
collect 50
move down
collect 50
move down
collect 50
move down
collect 50
move down
collect 50
move down
collect 50
move down
collect 50
move down
collect 50
move down
collect 50
move down
collect 50
move down
collect 50
move down
collect 50
move down
collect 50
move down
collect 50
move down
collect 50
move down
collect 50
move down
collect 50
move down
collect 50
move down
collect 50
move down
collect 50
move down
collect 50
move down
collect 50
move down
collect 50
move down
collect 50
move down
collect 50
move down
collect 50
move down
collect 50
move down
collect 50
move down
collect 50
move down
collect 50
move down
collect 50
move down
collect 50
move down
collect 50
move down
collect 50
move down
collect 50
move down
collect 50
move down
collect 50
move down
collect 50
move down
collect 50
move down
collect 50
move down
collect 50
move down
collect 50
move down
collect 50
move down
collect 50
move down
collect 50
move down
collect 50
move down
collect 50
move down
collect 50
move down
collect 50
move down
collect 50
move down
collect 50
move down
collect 50
move down
collect 50
move down
collect 50
move down
collect 50
move down
collect 50
move down
collect 50
move down
collect 50
move down
collect 50
move down
collect 50
move down
collect 50
move down
collect 50
move down
collect 50
move down
collect 50
move down
collect 50
move down
collect 50
move down
collect 50
move down
collect 50
move down
collect 50
move down
collect 50
move down
collect 50
move down
collect 50
move down
collect 50
move down
collect 50
move down
collect 50
move down
collect 50
move down
collect 50
move down
collect 50
move down
collect 50
move down
collect 50
move down
collect 50
move down
collect 50
move down
collect 50
move down
collect 50
move down
collect 50
move down
collect 50
move down
collect 50
move down
collect 50
move down
collect 50
move down
collect 50
move down
collect 50
move down
collect 50
move down
collect 50
move down
collect 50
move down
collect 50
move down
collect 50
move down
collect 50
move down
collect 50
move down
collect 50
move down
collect 50
move down
collect 50
move down
collect 50
move down
collect 50
move down
collect 50
move down
collect 50
move down
collect 50
move down
collect 50
move down
collect 50
move down
collect 50
move down
collect 50
move down
collect 50
move down
collect 50
move down
collect 50
move down
collect 50
move down
collect 50
move down
collect 50
move down
collect 50
move down
collect 50
move down
collect 50
move down
collect 50
move down
collect 50
move down
collect 50
move down
collect 50
move down
collect 50
move down
collect 50
move down
collect 50
move down
collect 50
move down
collect 50
move down
collect 50
move down
collect 50
move down
collect 50
move down
collect 50
move down
collect 50
move down
collect 50
move down
collect 50
move down
collect 50
move down
collect 50
move down
collect 50
move down
collect 50
move down
collect 50
move down
collect 50
move down
collect 50
move down
collect 50
move down
collect 50
move down
collect 50
move down
collect 50
move down
collect 50
move down
collect 50
move down
collect 50
move down
collect 50
move down
collect 50
move down
collect 50
move down
collect 50
move down
collect 50
move down
collect 50
move down
collect 50
move down
collect 50
move down
collect 50
move down
collect 50
move down
collect 50
move down
collect 50
move down
collect 50
move down
collect 50
move down
collect 50
move down
collect 50
move down
collect 50
move down
collect 50
move down
collect 50
move down
collect 50
move down
collect 50
move down
collect 50
move down
collect 50
move down
collect 50
move down
collect 50
move down
collect 50
move down
collect 50
move down
collect 50
move down
collect 50
move down
collect 50
move down
collect 50
move down
collect 50
move down
collect 50
move down
collect 50
move down
collect 50
move down
collect 50
move down
collect 50
move down
collect 50
move down
collect 50
move down
collect 50
move down
collect 50
move down
collect 50
move down
collect 50
move down
collect 50
move down
collect 50
move down
collect 50
move down
collect 50
move down
collect 50
move down
collect 50
move down
collect 50
move down
collect 50
move down
collect 50
move down
collect 50
move down
collect 50
move down
collect 50
move down
collect 50
move down
collect 50
move down
collect 50
move down
collect 50
move down
collect 50
move down
collect 50
move down
collect 50
move down
collect 50
move down
collect 50
move down
collect 50
move down
collect 50
move down
collect 50
move down
collect 50
move down
collect 50
move down
collect 50
move down
collect 50
move down
collect 50
move down
collect 50
move down
collect 50
move down
collect 50
move down
collect 50
move down
collect 50
move down
collect 50
move down
collect 50
move down
collect 50
move down
collect 50
move down
collect 50
move down
collect 50
move down
collect 50
move down
collect 50
move down
collect 50
move down
collect 50
move down
collect 50
move down
collect 50
move down
collect 50
move down
collect 50
move down
collect 50
move down
collect 50
move down
collect 50
move down
collect 50
move down
collect 50
move down
collect 50
move down
collect 50
move down
collect 50
move down
collect 50
move down
collect 50
move down
collect 50
move down
collect 50
move down
collect 50
move down
collect 50
move down
collect 50
move down
collect 50
move down
collect 50
move down
collect 50
move down
collect 50
move down
collect 50
move down
collect 50
move down
collect 50
move down
collect 50
move down
collect 50
move down
collect 50
move down
collect 50
move down
collect 50
move down
collect 50
move down
collect 50
move down
collect 50
move down
collect 50
move down
collect 50
move down
collect 50
move down
collect 50
move down
collect 50
move down
collect 50
move down
collect 50
move down
collect 50
move down
collect 50
move down
collect 50
move down
collect 50
move down
collect 50
move down
collect 50
move down
collect 50
move down
collect 50
move down
collect 50
move down
collect 50
move down
collect 50
move down
collect 50
move down
collect 50
move down
collect 50
move down
collect 50
move down
collect 50
move down
collect 50
move down
collect 50
move down
collect 50
move down
collect 50
move down
collect 50
move down
collect 50
move down
collect 50
move down
collect 50
move down
collect 50
move down
collect 50
move down
collect 50
move down
collect 50
move down
collect 50
move down
collect 50
move down
collect 50
move down
collect 50
move down
collect 50
move down
collect 50
move down
collect 50
move down
collect 50
move down
collect 50
move down
collect 50
move down
collect 50
move down
collect 50
move down
collect 50
move down
collect 50
move down
collect 50
move down
collect 50
move down
collect 50
move down
collect 50
move down
collect 50
move down
collect 50
move down
collect 50
move down
collect 50
move down
collect 50
move down
collect 50
move down
collect 50
move down
collect 50
move down
collect 50
move down
collect 50
move down
collect 50
move down
collect 50
move down
collect 50
move down
collect 50
move down
collect 50
move down
collect 50
move down
collect 50
move down
collect 50
move down
collect 50
move down
collect 50
move down
collect 50
move down
collect 50
move down
collect 50
move down
collect 50
move down
collect 50
move down
collect 50
move down
collect 50
move down
collect 50
move down
collect 50
move down
collect 50
move down
collect 50
move down
collect 50
move down
collect 50
move down
collect 50
move down
collect 50
move down
collect 50
move down
collect 50
move down
collect 50
move down
collect 50
move down
collect 50
move down
collect 50
move down
collect 50
move down
collect 50
move down
collect 50
move down
collect 50
move down
collect 50
move down
collect 50
move down
collect 50
move down
collect 50
move down
collect 50
move down
collect 50
move down
collect 50
move down
collect 50
move down
collect 50
move down
collect 50
move down
collect 50
move down
collect 50
move down
collect 50
move down
collect 50
move down
collect 50
move down
collect 50
move down
collect 50
move down
collect 50
move down
collect 50
move down
collect 50
move down
collect 50
move down
collect 50
move down
collect 50
move down
collect 50
move down
collect 50
move down
collect 50
move down
collect 50
move down
collect 50
move down
collect 50
move down
collect 50
move down
collect 50
move down
collect 50
move down
collect 50
move down
collect 50
move down
collect 50
move down
collect 50
move down
collect 50
move down
collect 50
move down
collect 50
move down
collect 50
move down
collect 50
move down
collect 50
move down
collect 50
move down
collect 50
move down
collect 50
move down
collect 50
move down
collect 50
move down
collect 50
move down
collect 50
move down
collect 50
move down
collect 50
move down
collect 50
move down
collect 50
move down
collect 50
move down
collect 50
move down
collect 50
move down
collect 50
move down
collect 50
move down
collect 50
move down
collect 50
move down
collect 50
move down
collect 50
move down
collect 50
move down
collect 50
move down
collect 50
move down
collect 50
move down
collect 50
move down
collect 50
move down
collect 50
move down
collect 50
move down
collect 50
move down
collect 50
move down
collect 50
move down
collect 50
move down
collect 50
move down
collect 50
move down
collect 50
move down
collect 50
move down
collect 50
move down
collect 50
move down
collect 50
move down
collect 50
move down
collect 50
move down
collect 50
move down
collect 50
move down
collect 50
move down
collect 50
move down
collect 50
move down
collect 50
move down
collect 50
move down
collect 50
move down
collect 50
move down
collect 50
move down
collect 50
move down
collect 50
move down
collect 50
move down
collect 50
move down
collect 50
move down
collect 50
move down
collect 50
move down
collect 50
move down
collect 50
move down
collect 50
move down
collect 50
move down
collect 50
move down
collect 50
move down
collect 50
move down
collect 50
move down
collect 50
move down
collect 50
move down
collect 50
move down
collect 50
move down
collect 50
move down
collect 50
move down
collect 50
move down
collect 50
move down
collect 50
move down
collect 50
move down
collect 50
move down
collect 50
move down
collect 50
move down
collect 50
move down
collect 50
move down
collect 50
move down
collect 50
move down
collect 50
move down
collect 50
move down
collect 50
move down
collect 50
move down
collect 50
move down
collect 50
move down
collect 50
move down
collect 50
move down
collect 50
move down
collect 50
move down
collect 50
move down
collect 50
move down
collect 50
move down
collect 50
move down
collect 50
move down
collect 50
move down
collect 50
move down
collect 50
move down
collect 50
move down
collect 50
move down
collect 50
move down
collect 50
move down
collect 50
move down
collect 50
move down
collect 50
move down
collect 50
move down
collect 50
move down
collect 50
move down
collect 50
move down
collect 50
move down
collect 50
move down
collect 50
move down
collect 50
move down
collect 50
move down
collect 50
move down
collect 50
move down
collect 50
move down
collect 50
move down
collect 50
move down
collect 50
move down
collect 50
move down
collect 50
move down
collect 50
move down
collect 50
move down
collect 50
move down
collect 50
move down
collect 50
move down
collect 50
move down
collect 50
move down
collect 50
move down
collect 50
move down
collect 50
move down
collect 50
move down
collect 50
move down
collect 50
move down
collect 50
move down
collect 50
move down
collect 50
move down
collect 50
move down
collect 50
move down
collect 50
move down
collect 50
move down
collect 50
move down
collect 50
move down
collect 50
move down
collect 50
move down
collect 50
move down
collect 50
move down
collect 50
move down
collect 50
move down
collect 50
move down
collect 50
move down
collect 50
move down
collect 50
move down
collect 50
move down
collect 50
move down
collect 50
move down
collect 50
move down
collect 50
move down
collect 50
move down
collect 50
move down
collect 50
move down
collect 50
move down
collect 50
move down
collect 50
move down
collect 50
move down
collect 50
move down
collect 50
move down
collect 50
move down
collect 50
move down
collect 50
move down
collect 50
move down
collect 50
move down
collect 50
move down
collect 50
move down
collect 50
move down
collect 50
move down
collect 50
move down
collect 50
move down
collect 50
move down
collect 50
move down
collect 50
move down
collect 50
move down
collect 50
move down
collect 50
move down
collect 50
move down
collect 50
move down
collect 50
move down
collect 50
move down
collect 50
move down
collect 50
move down
collect 50
move down
collect 50
move down
collect 50
move down
collect 50
move down
collect 50
move down
collect 50
move down
collect 50
move down
collect 50
move down
collect 50
move down
collect 50
move down
collect 50
move down
collect 50
move down
collect 50
move down
collect 50
move down
collect 50
move down
collect 50
move down
collect 50
move down
collect 50
move down
collect 50
move down
collect 50
move down
collect 50
move down
collect 50
move down
collect 50
move down
collect 50
move down
collect 50
move down
collect 50
move down
collect 50
move down
collect 50
move down
collect 50
move down
collect 50
move down
collect 50
move down
collect 50
move down
collect 50
move down
collect 50
move down
collect 50
move down
collect 50
move down
collect 50
move down
collect 50
move down
collect 50
move down
collect 50
move down
collect 50
move down
collect 50
move down
collect 50
move down
collect 50
move down
collect 50
move down
collect 50
move down
collect 50
move down
collect 50
move down
collect 50
move down
collect 50
move down
collect 50
move down
collect 50
move down
collect 50
move down
collect 50
move down
collect 50
move down
collect 50
move down
collect 50
move down
collect 50
move down
collect 50
move down
collect 50
move down
collect 50
move down
collect 50
move down
collect 50
move down
collect 50
move down
collect 50
move down
collect 50
move down
collect 50
move down
collect 50
move down
collect 50
move down
collect 50
move down
collect 50
move down
collect 50
move down
collect 50
move down
collect 50
move down
collect 50
move down
collect 50
move down
collect 50
move down
collect 50
move down
collect 50
move down
collect 50
move down
collect 50
move down
collect 50
move down
collect 50
move down
collect 50
move down
collect 50
move down
collect 50
move down
collect 50
move down
collect 50
move down
collect 50
move down
collect 50
move down
collect 50
move down
collect 50
move down
collect 50
move down
collect 50
move down
collect 50
move down
collect 50
move down
collect 50
move down
collect 50
move down
collect 50
move down
collect 50
move down
collect 50
move down
collect 50
move down
collect 50
move down
collect 50
move down
collect 50
move down
collect 50
move down
collect 50
move down
collect 50
move down
collect 50
move down
collect 50
move down
collect 50
move down
collect 50
move down
collect 50
move down
collect 50
move down
collect 50
move down
collect 50
move down
collect 50
move down
collect 50
move down
collect 50
move down
collect 50
move down
collect 50
move down
collect 50
move down
collect 50
move down
collect 50
move down
collect 50
move down
collect 50
move down
collect 50
move down
collect 50
move down
collect 50
move down
collect 50
move down
collect 50
move down
collect 50
move down
collect 50
move down
collect 50
move down
collect 50
move down
collect 50
move down
collect 50
move down
collect 50
move down
collect 50
move down
collect 50
move down
collect 50
move down
collect 50
move down
collect 50
move down
collect 50
move down
collect 50
move down
collect 50
move down
collect 50
move down
collect 50
move down
collect 50
move down
collect 50
move down
collect 50
move down
collect 50
move down
collect 50
move down
collect 50
move down
collect 50
move down
collect 50
move down
collect 50
move down
collect 50
move down
collect 50
move down
collect 50
move down
collect 50
move down
collect 50
move down
collect 50
move down
collect 50
move down
collect 50
move down
collect 50
move down
collect 50
move down
collect 50
move down
collect 50
move down
collect 50
move down
collect 50
move down
collect 50
move down
collect 50
move down
collect 50
move down
collect 50
move down
collect 50
move down
collect 50
move down
collect 50
move down
collect 50
move down
collect 50
move down
collect 50
move down
collect 50
move down
collect 50
move down
collect 50
move down
collect 50
move down
collect 50
move down
collect 50
move down
collect 50
move down
collect 50
move down
collect 50
move down
collect 50
move down
collect 50
move down
collect 50
move down
collect 50
move down
collect 50
move down
collect 50
move down
collect 50
move down
collect 50
move down
collect 50
move down
collect 50
move down
collect 50
move down
collect 50
move down
collect 50
move down
collect 50
move down
collect 50
move down
collect 50
move down
collect 50
move down
collect 50
move down
collect 50
move down
collect 50
move down
collect 50
move down
collect 50
move down
collect 50
move down
collect 50
move down
collect 50
move down
collect 50
move down
collect 50
move down
collect 50
move down
collect 50
move down
collect 50
move down
collect 50
move down
collect 50
move down
collect 50
move down
collect 50
move down
collect 50
move down
collect 50
move down
collect 50
move down
collect 50
move down
collect 50
move down
collect 50
move down
collect 50
move down
collect 50
move down
collect 50
move down
collect 50
move down
collect 50
move down
collect 50
move down
collect 50
move down
collect 50
move down
collect 50
move down
collect 50
move down
collect 50
move down
collect 50
move down
collect 50
move down
collect 50
move down
collect 50
move down
collect 50
move down
collect 50
move down
collect 50
move down
collect 50
move down
collect 50
move down
collect 50
move down
collect 50
move down
collect 50
move down
collect 50
move down
collect 50
move down
collect 50
move down
collect 50
move down
collect 50
move down
collect 50
move down
collect 50
move down
collect 50
move down
collect 50
move down
collect 50
move down
collect 50
move down
collect 50
move down
collect 50
move down
collect 50
move down
collect 50
move down
collect 50
move down
collect 50
move down
collect 50
move down
collect 50
move down
collect 50
move down
collect 50
move down
collect 50
move down
collect 50
move down
collect 50
move down
collect 50
move down
collect 50
move down
collect 50
move down
collect 50
move down
collect 50
move down
collect 50
move down
collect 50
move down
collect 50
move down
collect 50
move down
collect 50
move down
collect 50
move down
collect 50
move down
collect 50
move down
collect 50
move down
collect 50
move down
collect 50
move down
collect 50
move down
collect 50
move down
collect 50
move down
collect 50
move down
collect 50
move down
collect 50
move down
collect 50
move down
collect 50
move down
collect 50
move down
collect 50
move down
collect 50
move down
collect 50
move down
collect 50
move down
collect 50
move down
collect 50
move down
collect 50
move down
collect 50
move down
collect 50
move down
collect 50
move down
collect 50
move down
collect 50
move down
collect 50
move down
collect 50
move down
collect 50
move down
collect 50
move down
collect 50
move down
collect 50
move down
collect 50
move down
collect 50
move down
collect 50
move down
collect 50
move down
collect 50
move down
collect 50
move down
collect 50
move down
collect 50
move down
collect 50
move down
collect 50
move down
collect 50
move down
collect 50
move down
collect 50
move down
collect 50
move down
collect 50
move down
collect 50
move down
collect 50
move down
collect 50
move down
collect 50
move down
collect 50
move down
collect 50
move down
collect 50
move down
collect 50
move down
collect 50
move down
collect 50
move down
collect 50
move down
collect 50
move down
collect 50
move down
collect 50
move down
collect 50
move down
collect 50
move down
collect 50
move down
collect 50
move down
collect 50
move down
collect 50
move down
collect 50
move down
collect 50
move down
collect 50
move down
collect 50
move down
collect 50
move down
collect 50
move down
collect 50
move down
collect 50
move down
collect 50
move down
collect 50
move down
collect 50
move down
collect 50
move down
collect 50
move down
collect 50
move down
collect 50
move down
collect 50
move down
collect 50
move down
collect 50
move down
collect 50
move down
collect 50
move down
collect 50
move down
collect 50
move down
collect 50
move down
collect 50
move down
collect 50
move down
collect 50
move down
collect 50
move down
collect 50
move down
collect 50
move down
collect 50
move down
collect 50
move down
collect 50
move down
collect 50
move down
collect 50
move down
collect 50
move down
collect 50
move down
collect 50
move down
collect 50
move down
collect 50
move down
collect 50
move down
collect 50
move down
collect 50
move down
collect 50
move down
collect 50
move down
collect 50
move down
collect 50
move down
collect 50
move down
collect 50
move down
collect 50
move down
collect 50
move down
collect 50
move down
collect 50
move down
collect 50
move down
collect 50
move down
collect 50
move down
collect 50
move down
collect 50
move down
collect 50
move down
collect 50
move down
collect 50
move down
collect 50
move down
collect 50
move down
collect 50
move down
collect 50
move down
collect 50
move down
collect 50
move down
collect 50
move down
collect 50
move down
collect 50
move down
collect 50
move down
collect 50
move down
collect 50
move down
collect 50
move down
collect 50
move down
collect 50
move down
collect 50
move down
collect 50
move down
collect 50
move down
collect 50
move down
collect 50
move down
collect 50
move down
collect 50
move down
collect 50
move down
collect 50
move down
collect 50
move down
collect 50
move down
collect 50
move down
collect 50
move down
collect 50
move down
collect 50
move down
collect 50
move down
collect 50
move down
collect 50
move down
collect 50
move down
collect 50
move down
collect 50
move down
collect 50
move down
collect 50
move down
collect 50
move down
collect 50
move down
collect 50
move down
collect 50
move down
collect 50
move down
collect 50
move down
collect 50
move down
collect 50
move down
collect 50
move down
collect 50
move down
collect 50
move down
collect 50
move down
collect 50
move down
collect 50
move down
collect 50
move down
collect 50
move down
collect 50
move down
collect 50
move down
collect 50
move down
collect 50
move down
collect 50
move down
collect 50
move down
collect 50
move down
collect 50
move down
collect 50
move down
collect 50
move down
collect 50
move down
collect 50
move down
collect 50
move down
collect 50
move down
collect 50
move down
collect 50
move down
collect 50
move down
collect 50
move down
collect 50
move down
collect 50
move down
collect 50
move down
collect 50
move down
collect 50
move down
collect 50
move down
collect 50
move down
collect 50
move down
collect 50
move down
collect 50
move down
collect 50
move down
collect 50
move down
collect 50
move down
collect 50
move down
collect 50
move down
collect 50
move down
collect 50
move down
collect 50
move down
collect 50
move down
collect 50
move down
collect 50
move down
collect 50
move down
collect 50
move down
collect 50
move down
collect 50
move down
collect 50
move down
collect 50
move down
collect 50
move down
collect 50
move down
collect 50
move down
collect 50
move down
collect 50
move down
collect 50
move down
collect 50
move down
collect 50
move down
collect 50
move down
collect 50
move down
collect 50
move down
collect 50
move down
collect 50
move down
collect 50
move down
collect 50
move down
collect 50
move down
collect 50
move down
collect 50
move down
collect 50
move down
collect 50
move down
collect 50
move down
collect 50
move down
collect 50
move down
collect 50
move down
collect 50
move down
collect 50
move down
collect 50
move down
collect 50
move down
collect 50
move down
collect 50
move down
collect 50
move down
collect 50
move down
collect 50
move down
collect 50
move down
collect 50
move down
collect 50
move down
collect 50
move down
collect 50
move down
collect 50
move down
collect 50
move down
collect 50
move down
collect 50
move down
collect 50
move down
collect 50
move down
collect 50
move down
collect 50
move down
collect 50
move down
collect 50
move down
collect 50
move down
collect 50
move down
collect 50
move down
collect 50
move down
collect 50
move down
collect 50
move down
collect 50
move down
collect 50
move down
collect 50
move down
collect 50
move down
collect 50
move down
collect 50
move down
collect 50
move down
collect 50
move down
collect 50
move down
collect 50
move down
collect 50
move down
collect 50
move down
collect 50
move down
collect 50
move down
collect 50
move down
collect 50
move down
collect 50
move down
collect 50
move down
collect 50
move down
collect 50
move down
collect 50
move down
collect 50
move down
collect 50
move down
collect 50
move down
collect 50
move down
collect 50
move down
collect 50
move down
collect 50
move down
collect 50
move down
collect 50
move down
collect 50
move down
collect 50
move down
collect 50
move down
collect 50
move down
collect 50
move down
collect 50
move down
collect 50
move down
collect 50
move down
collect 50
move down
collect 50
move down
collect 50
move down
collect 50
move down
collect 50
move down
collect 50
move down
collect 50
move down
collect 50
move down
collect 50
move down
collect 50
move down
collect 50
move down
collect 50
move down
collect 50
move down
collect 50
move down
collect 50
move down
collect 50
move down
collect 50
move down
collect 50
move down
collect 50
move down
collect 50
move down
collect 50
move down
collect 50
move down
collect 50
move down
collect 50
move down
collect 50
move down
collect 50
move down
collect 50
move down
collect 50
move down
collect 50
move down
collect 50
move down
collect 50
move down
collect 50
move down
collect 50
move down
collect 50
move down
collect 50
move down
collect 50
move down
collect 50
move down
collect 50
move down
collect 50
move down
collect 50
move down
collect 50
move down
collect 50
move down
collect 50
move down
collect 50
move down
collect 50
move down
collect 50
move down
collect 50
move down
collect 50
move down
collect 50
move down
collect 50
move down
collect 50
move down
collect 50
move down
collect 50
move down
collect 50
move down
collect 50
move down
collect 50
move down
collect 50
move down
collect 50
move down
collect 50
move down
collect 50
move down
collect 50
move down
collect 50
move down
collect 50
move down
collect 50
move down
collect 50
move down
collect 50
move down
collect 50
move down
collect 50
move down
collect 50
move down
collect 50
move down
collect 50
move down
collect 50
move down
collect 50
move down
collect 50
move down
collect 50
move down
collect 50
move down
collect 50
move down
collect 50
move down
collect 50
move down
collect 50
move down
collect 50
move down
collect 50
move down
collect 50
move down
collect 50
move down
collect 50
move down
collect 50
move down
collect 50
move down
collect 50
move down
collect 50
move down
collect 50
move down
collect 50
move down
collect 50
move down
collect 50
move down
collect 50
move down
collect 50
move down
collect 50
move down
collect 50
move down
collect 50
move down
collect 50
move down
collect 50
move down
collect 50
move down
collect 50
move down
collect 50
move down
collect 50
move down
collect 50
move down
collect 50
move down
collect 50
move down
collect 50
move down
collect 50
move down
collect 50
move down
collect 50
move down
collect 50
move down
collect 50
move down
collect 50
move down
collect 50
move down
collect 50
move down
collect 50
move down
collect 50
move down
collect 50
move down
collect 50
move down
collect 50
move down
collect 50
move down
collect 50
move down
collect 50
move down
collect 50
move down
collect 50
move down
collect 50
move down
collect 50
move down
collect 50
move down
collect 50
move down
collect 50
move down
collect 50
move down
collect 50
move down
collect 50
move down
collect 50
move down
collect 50
move down
collect 50
move down
collect 50
move down
collect 50
move down
collect 50
move down
collect 50
move down
collect 50
move down
collect 50
move down
collect 50
move down
collect 50
move down
collect 50
move down
collect 50
move down
collect 50
move down
collect 50
move down
collect 50
move down
collect 50
move down
collect 50
move down
collect 50
move down
collect 50
move down
collect 50
move down
collect 50
move down
collect 50
move down
collect 50
move down
collect 50
move down
collect 50
move down
collect 50
move down
collect 50
move down
collect 50
move down
collect 50
move down
collect 50
move down
collect 50
move down
collect 50
move down
collect 50
move down
collect 50
move down
collect 50
move down
collect 50
move down
collect 50
move down
collect 50
move down
collect 50
move down
collect 50
move down
collect 50
move down
collect 50
move down
collect 50
move down
collect 50
move down
collect 50
move down
collect 50
move down
collect 50
move down
collect 50
move down
collect 50
move down
collect 50
move down
collect 50
move down
collect 50
move down
collect 50
move down
collect 50
move down
collect 50
move down
collect 50
move down
collect 50
move down
collect 50
move down
collect 50
move down
collect 50
move down
collect 50
move down
collect 50
move down
collect 50
move down
collect 50
move down
collect 50
move down
collect 50
move down
collect 50
move down
collect 50
move down
collect 50
move down
collect 50
move down
collect 50
move down
collect 50
move down
collect 50
move down
collect 50
move down
collect 50
move down
collect 50
move down
collect 50
move down
collect 50
move down
collect 50
move down
collect 50
move down
collect 50
move down
collect 50
move down
collect 50
move down
collect 50
move down
collect 50
move down
collect 50
move down
collect 50
move down
collect 50
move down
collect 50
move down
collect 50
move down
collect 50
move down
collect 50
move down
collect 50
move down
collect 50
move down
collect 50
move down
collect 50
move down
collect 50
move down
collect 50
move down
collect 50
move down
collect 50
move down
collect 50
move down
collect 50
move down
collect 50
move down
collect 50
move down
collect 50
move down
collect 50
move down
collect 50
move down
collect 50
move down
collect 50
move down
collect 50
move down
collect 50
move down
collect 50
move down
collect 50
move down
collect 50
move down
collect 50
move down
collect 50
move down
collect 50
move down
collect 50
move down
collect 50
move down
collect 50
move down
collect 50
move down
collect 50
move down
collect 50
move down
collect 50
move down
collect 50
move down
collect 50
move down
collect 50
move down
collect 50
move down
collect 50
move down
collect 50
move down
collect 50
move down
collect 50
move down
collect 50
move down
collect 50
move down
collect 50
move down
collect 50
move down
collect 50
move down
collect 50
move down
collect 50
move down
collect 50
move down
collect 50
move down
collect 50
move down
collect 50
move down
collect 50
move down
collect 50
move down
collect 50
move down
collect 50
move down
collect 50
move down
collect 50
move down
collect 50
move down
collect 50
move down
collect 50
move down
collect 50
move down
collect 50
move down
collect 50
move down
collect 50
move down
collect 50
move down
collect 50
move down
collect 50
move down
collect 50
move down
collect 50
move down
collect 50
move down
collect 50
move down
collect 50
move down
collect 50
move down
collect 50
move down
collect 50
move down
collect 50
move down
collect 50
move down
collect 50
move down
collect 50
move down
collect 50
move down
collect 50
move down
collect 50
move down
collect 50
move down
collect 50
move down
collect 50
move down
collect 50
move down
collect 50
move down
collect 50
move down
collect 50
move down
collect 50
move down
collect 50
move down
collect 50
move down
collect 50
move down
collect 50
move down
collect 50
move down
collect 50
move down
collect 50
move down
collect 50
move down
collect 50
move down
collect 50
move down
collect 50
move down
collect 50
move down
collect 50
move down
collect 50
move down
collect 50
move down
collect 50
move down
collect 50
move down
collect 50
move down
collect 50
move down
collect 50
move down
collect 50
move down
collect 50
move down
collect 50
move down
collect 50
move down
collect 50
move down
collect 50
move down
collect 50
move down
collect 50
move down
collect 50
move down
collect 50
move down
collect 50
move down
collect 50
move down
collect 50
move down
collect 50
move down
collect 50
move down
collect 50
move down
collect 50
move down
collect 50
move down
collect 50
move down
collect 50
move down
collect 50
move down
collect 50
move down
collect 50
move down
collect 50
move down
collect 50
move down
collect 50
move down
collect 50
move down
collect 50
move down
collect 50
move down
collect 50
move down
collect 50
move down
collect 50
move down
collect 50
move down
collect 50
move down
collect 50
move down
collect 50
move down
collect 50
move down
collect 50
move down
collect 50
move down
collect 50
move down
collect 50
move down
collect 50
move down
collect 50
move down
collect 50
move down
collect 50
move down
collect 50
move down
collect 50
move down
collect 50
move down
collect 50
move down
collect 50
move down
collect 50
move down
collect 50
move down
collect 50
move down
collect 50
move down
collect 50
move down
collect 50
move down
collect 50
move down
collect 50
move down
collect 50
move down
collect 50
move down
collect 50
move down
collect 50
move down
collect 50
move down
collect 50
move down
collect 50
move down
collect 50
move down
collect 50
move down
collect 50
move down
collect 50
move down
collect 50
move down
collect 50
move down
collect 50
move down
collect 50
move down
collect 50
move down
collect 50
move down
collect 50
move down
collect 50
move down
collect 50
move down
collect 50
move down
collect 50
move down
collect 50
move down
collect 50
move down
collect 50
move down
collect 50
move down
collect 50
move down
collect 50
move down
collect 50
move down
collect 50
move down
collect 50
move down
collect 50
move down
collect 50
move down
collect 50
move down
collect 50
move down
collect 50
move down
collect 50
move down
collect 50
move down
collect 50
move down
collect 50
move down
collect 50
move down
collect 50
move down
collect 50
move down
collect 50
move down
collect 50
move down
collect 50
move down
collect 50
move down
collect 50
move down
collect 50
move down
collect 50
move down
collect 50
move down
collect 50
move down
collect 50
move down
collect 50
move down
collect 50
move down
collect 50
move down
collect 50
move down
collect 50
move down
collect 50
move down
collect 50
move down
collect 50
move down
collect 50
move down
collect 50
move down
collect 50
move down
collect 50
move down
collect 50
move down
collect 50
move down
collect 50
move down
collect 50
move down
collect 50
move down
collect 50
move down
collect 50
move down
collect 50
move down
collect 50
move down
collect 50
move down
collect 50
move down
collect 50
move down
collect 50
move down
collect 50
move down
collect 50
move down
collect 50
move down
collect 50
move down
collect 50
move down
collect 50
move down
collect 50
move down
collect 50
move down
collect 50
move down
collect 50
move down
collect 50
move down
collect 50
move down
collect 50
move down
collect 50
move down
collect 50
move down
collect 50
move down
collect 50
move down
collect 50
move down
collect 50
move down
collect 50
move down
collect 50
move down
collect 50
move down
collect 50
move down
collect 50
move down
collect 50
move down
collect 50
move down
collect 50
move down
collect 50
move down
collect 50
move down
collect 50
move down
collect 50
move down
collect 50
move down
collect 50
move down
collect 50
move down
collect 50
move down
collect 50
move down
collect 50
move down
collect 50
move down
collect 50
move down
collect 50
move down
collect 50
move down
collect 50
move down
collect 50
move down
collect 50
move down
collect 50
move down
collect 50
move down
collect 50
move down
collect 50
move down
collect 50
move down
collect 50
move down
collect 50
move down
collect 50
move down
collect 50
move down
collect 50
move down
collect 50
move down
collect 50
move down
collect 50
move down
collect 50
move down
collect 50
move down
collect 50
move down
collect 50
move down
collect 50
move down
collect 50
move down
collect 50
move down
collect 50
move down
collect 50
move down
collect 50
move down
collect 50
move down
collect 50
move down
collect 50
move down
collect 50
move down
collect 50
move down
collect 50
move down
collect 50
move down
collect 50
move down
collect 50
move down
collect 50
move down
collect 50
move down
collect 50
move down
collect 50
move down
collect 50
move down
collect 50
move down
collect 50
move down
collect 50
move down
collect 50
move down
collect 50
move down
collect 50
move down
collect 50
move down
collect 50
move down
collect 50
move down
collect 50
move down
collect 50
move down
collect 50
move down
collect 50
move down
collect 50
move down
collect 50
move down
collect 50
move down
collect 50
move down
collect 50
move down
collect 50
move down
collect 50
move down
collect 50
move down
collect 50
move down
collect 50
move down
collect 50
move down
collect 50
move down
collect 50
move down
collect 50
move down
collect 50
move down
collect 50
move down
collect 50
move down
collect 50
move down
collect 50
move down
collect 50
move down
collect 50
move down
collect 50
move down
collect 50
move down
collect 50
move down
collect 50
move down
collect 50
move down
collect 50
move down
collect 50
move down
collect 50
move down
collect 50
move down
collect 50
move down
collect 50
move down
collect 50
move down
collect 50
move down
collect 50
move down
collect 50
move down
collect 50
move down
collect 50
move down
collect 50
move down
collect 50
move down
collect 50
move down
collect 50
move down
collect 50
move down
collect 50
move down
collect 50
move down
collect 50
move down
collect 50
move down
collect 50
move down
collect 50
move down
collect 50
move down
collect 50
move down
collect 50
move down
collect 50
move down
collect 50
move down
collect 50
move down
collect 50
move down
collect 50
move down
collect 50
move down
collect 50
move down
collect 50
move down
collect 50
move down
collect 50
move down
collect 50
move down
collect 50
move down
collect 50
move down
collect 50
move down
collect 50
move down
collect 50
move down
collect 50
move down
collect 50
move down
collect 50
move down
collect 50
move down
collect 50
move down
collect 50
move down
collect 50
move down
collect 50
move down
collect 50
move down
collect 50
move down
collect 50
move down
collect 50
move down
collect 50
move down
collect 50
move down
collect 50
move down
collect 50
move down
collect 50
move down
collect 50
move down
collect 50
move down
collect 50
move down
collect 50
move down
collect 50
move down
collect 50
move down
collect 50
move down
collect 50
move down
collect 50
move down
collect 50
move down
collect 50
move down
collect 50
move down
collect 50
move down
collect 50
move down
collect 50
move down
collect 50
move down
collect 50
move down
collect 50
move down
collect 50
move down
collect 50
move down
collect 50
move down
collect 50
move down
collect 50
move down
collect 50
move down
collect 50
move down
collect 50
move down
collect 50
move down
collect 50
move down
collect 50
move down
collect 50
move down
collect 50
move down
collect 50
move down
collect 50
move down
collect 50
move down
collect 50
move down
collect 50
move down
collect 50
move down
collect 50
move down
collect 50
move down
collect 50
move down
collect 50
move down
collect 50
move down
collect 50
move down
collect 50
move down
collect 50
move down
collect 50
move down
collect 50
move down
collect 50
move down
collect 50
move down
collect 50
move down
collect 50
move down
collect 50
move down
collect 50
move down
collect 50
move down
collect 50
move down
collect 50
move down
collect 50
move down
collect 50
move down
collect 50
move down
collect 50
move down
collect 50
move down
collect 50
move down
collect 50
move down
collect 50
move down
collect 50
move down
collect 50
move down
collect 50
move down
collect 50
move down
collect 50
move down
collect 50
move down
collect 50
move down
collect 50
move down
collect 50
move down
collect 50
move down
collect 50
move down
collect 50
move down
collect 50
move down
collect 50
move down
collect 50
move down
collect 50
move down
collect 50
move down
collect 50
move down
collect 50
move down
collect 50
move down
collect 50
move down
collect 50
move down
collect 50
move down
collect 50
move down
collect 50
move down
collect 50
move down
collect 50
move down
collect 50
move down
collect 50
move down
collect 50
move down
collect 50
move down
collect 50
move down
collect 50
move down
collect 50
move down
collect 50
move down
collect 50
move down
collect 50
move down
collect 50
move down
collect 50
move down
collect 50
move down
collect 50
move down
collect 50
move down
collect 50
move down
collect 50
move down
collect 50
move down
collect 50
move down
collect 50
move down
collect 50
move down
collect 50
move down
collect 50
move down
collect 50
move down
collect 50
move down
collect 50
move down
collect 50
move down
collect 50
move down
collect 50
move down
collect 50
move down
collect 50
move down
collect 50
move down
collect 50
move down
collect 50
move down
collect 50
move down
collect 50
move down
collect 50
move down
collect 50
move down
collect 50
move down
collect 50
move down
collect 50
move down
collect 50
move down
collect 50
move down
collect 50
move down
collect 50
move down
collect 50
move down
collect 50
move down
collect 50
move down
collect 50
move down
collect 50
move down
collect 50
move down
collect 50
move down
collect 50
move down
collect 50
move down
collect 50
move down
collect 50
move down
collect 50
move down
collect 50
move down
collect 50
move down
collect 50
move down
collect 50
move down
collect 50
move down
collect 50
move down
collect 50
move down
collect 50
move down
collect 50
move down
collect 50
move down
collect 50
move down
collect 50
move down
collect 50
move down
collect 50
move down
collect 50
move down
collect 50
move down
collect 50
move down
collect 50
move down
collect 50
move down
collect 50
move down
collect 50
move down
collect 50
move down
collect 50
move down
collect 50
move down
collect 50
move down
collect 50
move down
collect 50
move down
collect 50
move down
collect 50
move down
collect 50
move down
collect 50
move down
collect 50
move down
collect 50
move down
collect 50
move down
collect 50
move down
collect 50
move down
collect 50
move down
collect 50
move down
collect 50
move down
collect 50
move down
collect 50
move down
collect 50
move down
collect 50
move down
collect 50
move down
collect 50
move down
collect 50
move down
collect 50
move down
collect 50
move down
collect 50
move down
collect 50
move down
collect 50
move down
collect 50
move down
collect 50
move down
collect 50
move down
collect 50
move down
collect 50
move down
collect 50
move down
collect 50
move down
collect 50
move down
collect 50
move down
collect 50
move down
collect 50
move down
collect 50
move down
collect 50
move down
collect 50
move down
collect 50
move down
collect 50
move down
collect 50
move down
collect 50
move down
collect 50
move down
collect 50
move down
collect 50
move down
collect 50
move down
collect 50
move down
collect 50
move down
collect 50
move down
collect 50
move down
collect 50
move down
collect 50
move down
collect 50
move down
collect 50
move down
collect 50
move down
collect 50
move down
collect 50
move down
collect 50
move down
collect 50
move down
collect 50
move down
collect 50
move down
collect 50
move down
collect 50
move down
collect 50
move down
collect 50
move down
collect 50
move down
collect 50
move down
collect 50
move down
collect 50
move down
collect 50
move down
collect 50
move down
collect 50
move down
collect 50
move down
collect 50
move down
collect 50
move down
collect 50
move down
collect 50
move down
collect 50
move down
collect 50
move down
collect 50
move down
collect 50
move down
collect 50
move down
collect 50
move down
collect 50
move down
collect 50
move down
collect 50
move down
collect 50
move down
collect 50
move down
collect 50
move down
collect 50
move down
collect 50
move down
collect 50
move down
collect 50
move down
collect 50
move down
collect 50
move down
collect 50
move down
collect 50
move down
collect 50
move down
collect 50
move down
collect 50
move down
collect 50
move down
collect 50
move down
collect 50
move down
collect 50
move down
collect 50
move down
collect 50
move down
collect 50
move down
collect 50
move down
collect 50
move down
collect 50
move down
collect 50
move down
collect 50
move down
collect 50
move down
collect 50
move down
collect 50
move down
collect 50
move down
collect 50
move down
collect 50
move down
collect 50
move down
collect 50
move down
collect 50
move down
collect 50
move down
collect 50
move down
collect 50
move down
collect 50
move down
collect 50
move down
collect 50
move down
collect 50
move down
collect 50
move down
collect 50
move down
collect 50
move down
collect 50
move down
collect 50
move down
collect 50
move down
collect 50
move down
collect 50
move down
collect 50
move down
collect 50
move down
collect 50
move down
collect 50
move down
collect 50
move down
collect 50
move down
collect 50
move down
collect 50
move down
collect 50
move down
collect 50
move down
collect 50
move down
collect 50
move down
collect 50
move down
collect 50
move down
collect 50
move down
collect 50
move down
collect 50
move down
collect 50
move down
collect 50
move down
collect 50
move down
collect 50
move down
collect 50
move down
collect 50
move down
collect 50
move down
collect 50
move down
collect 50
move down
collect 50
move down
collect 50
move down
collect 50
move down
collect 50
move down
collect 50
move down
collect 50
move down
collect 50
move down
collect 50
move down
collect 50
move down
collect 50
move down
collect 50
move down
collect 50
move down
collect 50
move down
collect 50
move down
collect 50
move down
collect 50
move down
collect 50
move down
collect 50
move down
collect 50
move down
collect 50
move down
collect 50
move down
collect 50
move down
collect 50
move down
collect 50
move down
collect 50
move down
collect 50
move down
collect 50
move down
collect 50
move down
collect 50
move down
collect 50
move down
collect 50
move down
collect 50
move down
collect 50
move down
collect 50
move down
collect 50
move down
collect 50
move down
collect 50
move down
collect 50
move down
collect 50
move down
collect 50
move down
collect 50
move down
collect 50
move down
collect 50
move down
collect 50
move down
collect 50
move down
collect 50
move down
collect 50
move down
collect 50
move down
collect 50
move down
collect 50
move down
collect 50
move down
collect 50
move down
collect 50
move down
collect 50
move down
collect 50
move down
collect 50
move down
collect 50
move down
collect 50
move down
collect 50
move down
collect 50
move down
collect 50
move down
collect 50
move down
collect 50
move down
collect 50
move down
collect 50
move down
collect 50
move down
collect 50
move down
collect 50
move down
collect 50
move down
collect 50
move down
collect 50
move down
collect 50
move down
collect 50
move down
collect 50
move down
collect 50
move down
collect 50
move down
collect 50
move down
collect 50
move down
collect 50
move down
collect 50
move down
collect 50
move down
collect 50
move down
collect 50
move down
collect 50
move down
collect 50
move down
collect 50
move down
collect 50
move down
collect 50
move down
collect 50
move down
collect 50
move down
collect 50
move down
collect 50
move down
collect 50
move down
collect 50
move down
collect 50
move down
collect 50
move down
collect 50
move down
collect 50
move down
collect 50
move down
collect 50
move down
collect 50
move down
collect 50
move down
collect 50
move down
collect 50
move down
collect 50
move down
collect 50
move down
collect 50
move down
collect 50
move down
collect 50
move down
collect 50
move down
collect 50
move down
collect 50
move down
collect 50
move down
collect 50
move down
collect 50
move down
collect 50
move down
collect 50
move down
collect 50
move down
collect 50
move down
collect 50
move down
collect 50
move down
collect 50
move down
collect 50
move down
collect 50
move down
collect 50
move down
collect 50
move down
collect 50
move down
collect 50
move down
collect 50
move down
collect 50
move down
collect 50
move down
collect 50
move down
collect 50
move down
collect 50
move down
collect 50
move down
collect 50
move down
collect 50
move down
collect 50
move down
collect 50
move down
collect 50
move down
collect 50
move down
collect 50
move down
collect 50
move down
collect 50
move down
collect 50
move down
collect 50
move down
collect 50
move down
collect 50
move down
collect 50
move down
collect 50
move down
collect 50
move down
collect 50
move down
collect 50
move down
collect 50
move down
collect 50
move down
collect 50
move down
collect 50
move down
collect 50
move down
collect 50
move down
collect 50
move down
collect 50
move down
collect 50
move down
collect 50
move down
collect 50
move down
collect 50
move down
collect 50
move down
collect 50
move down
collect 50
move down
collect 50
move down
collect 50
move down
collect 50
move down
collect 50
move down
collect 50
move down
collect 50
move down
collect 50
move down
collect 50
move down
collect 50
move down
collect 50
move down
collect 50
move down
collect 50
move down
collect 50
move down
collect 50
move down
collect 50
move down
collect 50
move down
collect 50
move down
collect 50
move down
collect 50
move down
collect 50
move down
collect 50
move down
collect 50
move down
collect 50
move down
collect 50
move down
collect 50
move down
collect 50
move down
collect 50
move down
collect 50
move down
collect 50
move down
collect 50
move down
collect 50
move down
collect 50
move down
collect 50
move down
collect 50
move down
collect 50
move down
collect 50
move down
collect 50
move down
collect 50
move down
collect 50
move down
collect 50
move down
collect 50
move down
collect 50
move down
collect 50
move down
collect 50
move down
collect 50
move down
collect 50
move down
collect 50
move down
collect 50
move down
collect 50
move down
collect 50
move down
collect 50
move down
collect 50
move down
collect 50
move down
collect 50
move down
collect 50
move down
collect 50
move down
collect 50
move down
collect 50
move down
collect 50
move down
collect 50
move down
collect 50
move down
collect 50
move down
collect 50
move down
collect 50
move down
collect 50
move down
collect 50
move down
collect 50
move down
collect 50
move down
collect 50
move down
collect 50
move down
collect 50
move down
collect 50
move down
collect 50
move down
collect 50
move down
collect 50
move down
collect 50
move down
collect 50
move down
collect 50
move down
collect 50
move down
collect 50
move down
collect 50
move down
collect 50
move down
collect 50
move down
collect 50
move down
collect 50
move down
collect 50
move down
collect 50
move down
collect 50
move down
collect 50
move down
collect 50
move down
collect 50
move down
collect 50
move down
collect 50
move down
collect 50
move down
collect 50
move down
collect 50
move down
collect 50
move down
collect 50
move down
collect 50
move down
collect 50
move down
collect 50
move down
collect 50
move down
collect 50
move down
collect 50
move down
collect 50
move down
collect 50
move down
collect 50
move down
collect 50
move down
collect 50
move down
collect 50
move down
collect 50
move down
collect 50
move down
collect 50
move down
collect 50
move down
collect 50
move down
collect 50
move down
collect 50
move down
collect 50
move down
collect 50
move down
collect 50
move down
collect 50
move down
collect 50
move down
collect 50
move down
collect 50
move down
collect 50
move down
collect 50
move down
collect 50
move down
collect 50
move down
collect 50
move down
collect 50
move down
collect 50
move down
collect 50
move down
collect 50
move down
collect 50
move down
collect 50
move down
collect 50
move down
collect 50
move down
collect 50
move down
collect 50
move down
collect 50
move down
collect 50
move down
collect 50
move down
collect 50
move down
collect 50
move down
collect 50
move down
collect 50
move down
collect 50
move down
collect 50
move down
collect 50
move down
collect 50
move down
collect 50
move down
collect 50
move down
collect 50
move down
collect 50
move down
collect 50
move down
collect 50
move down
collect 50
move down
collect 50
move down
collect 50
move down
collect 50
move down
collect 50
move down
collect 50
move down
collect 50
move down
collect 50
move down
collect 50
move down
collect 50
move down
collect 50
move down
collect 50
move down
collect 50
move down
collect 50
move down
collect 50
move down
collect 50
move down
collect 50
move down
collect 50
move down
collect 50
move down
collect 50
move down
collect 50
move down
collect 50
move down
collect 50
move down
collect 50
move down
collect 50
move down
collect 50
move down
collect 50
move down
collect 50
move down
collect 50
move down
collect 50
move down
collect 50
move down
collect 50
move down
collect 50
move down
collect 50
move down
collect 50
move down
collect 50
move down
collect 50
move down
collect 50
move down
collect 50
move down
collect 50
move down
collect 50
move down
collect 50
move down
collect 50
move down
collect 50
move down
collect 50
move down
collect 50
move down
collect 50
move down
collect 50
move down
collect 50
move down
collect 50
move down
collect 50
move down
collect 50
move down
collect 50
move down
collect 50
move down
collect 50
move down
collect 50
move down
collect 50
move down
collect 50
move down
collect 50
move down
collect 50
move down
collect 50
move down
collect 50
move down
collect 50
move down
collect 50
move down
collect 50
move down
collect 50
move down
collect 50
move down
collect 50
move down
collect 50
move down
collect 50
move down
collect 50
move down
collect 50
move down
collect 50
move down
collect 50
move down
collect 50
move down
collect 50
move down
collect 50
move down
collect 50
move down
collect 50
move down
collect 50
move down
collect 50
move down
collect 50
move down
collect 50
move down
collect 50
move down
collect 50
move down
collect 50
move down
collect 50
move down
collect 50
move down
collect 50
move down
collect 50
move down
collect 50
move down
collect 50
move down
collect 50
move down
collect 50
move down
collect 50
move down
collect 50
move down
collect 50
move down
collect 50
move down
collect 50
move down
collect 50
move down
collect 50
move down
collect 50
move down
collect 50
move down
collect 50
move down
collect 50
move down
collect 50
move down
collect 50
move down
collect 50
move down
collect 50
move down
collect 50
move down
collect 50
move down
collect 50
move down
collect 50
move down
collect 50
move down
collect 50
move down
collect 50
move down
collect 50
move down
collect 50
move down
collect 50
move down
collect 50
move down
collect 50
move down
collect 50
move down
collect 50
move down
collect 50
move down
collect 50
move down
collect 50
move down
collect 50
move down
collect 50
move down
collect 50
move down
collect 50
move down
collect 50
move down
collect 50
move down
collect 50
move down
collect 50
move down
collect 50
move down
collect 50
move down
collect 50
move down
collect 50
move down
collect 50
move down
collect 50
move down
collect 50
move down
collect 50
move down
collect 50
move down
collect 50
move down
collect 50
move down
collect 50
move down
collect 50
move down
collect 50
move down
collect 50
move down
collect 50
move down
collect 50
move down
collect 50
move down
collect 50
move down
collect 50
move down
collect 50
move down
collect 50
move down
collect 50
move down
collect 50
move down
collect 50
move down
collect 50
move down
collect 50
move down
collect 50
move down
collect 50
move down
collect 50
move down
collect 50
move down
collect 50
move down
collect 50
move down
collect 50
move down
collect 50
move down
collect 50
move down
collect 50
move down
collect 50
move down
collect 50
move down
collect 50
move down
collect 50
move down
collect 50
move down
collect 50
move down
collect 50
move down
collect 50
move down
collect 50
move down
collect 50
move down
collect 50
move down
collect 50
move down
collect 50
move down
collect 50
move down
collect 50
move down
collect 50
move down
collect 50
move down
collect 50
move down
collect 50
move down
collect 50
move down
collect 50
move down
collect 50
move down
collect 50
move down
collect 50
move down
collect 50
move down
collect 50
move down
collect 50
move down
collect 50
move down
collect 50
move down
collect 50
move down
collect 50
move down
collect 50
move down
collect 50
move down
collect 50
move down
collect 50
move down
collect 50
move down
collect 50
move down
collect 50
move down
collect 50
move down
collect 50
move down
collect 50
move down
collect 50
move down
collect 50
move down
collect 50
move down
collect 50
move down
collect 50
move down
collect 50
move down
collect 50
move down
collect 50
move down
collect 50
move down
collect 50
move down
collect 50
move down
collect 50
move down
collect 50
move down
collect 50
move down
collect 50
move down
collect 50
move down
collect 50
move down
collect 50
move down
collect 50
move down
collect 50
move down
collect 50
move down
collect 50
move down
collect 50
move down
collect 50
move down
collect 50
move down
collect 50
move down
collect 50
move down
collect 50
move down
collect 50
move down
collect 50
move down
collect 50
move down
collect 50
move down
collect 50
move down
collect 50
move down
collect 50
move down
collect 50
move down
collect 50
move down
collect 50
move down
collect 50
move down
collect 50
move down
collect 50
move down
collect 50
move down
collect 50
move down
collect 50
move down
collect 50
move down
collect 50
move down
collect 50
move down
collect 50
move down
collect 50
move down
collect 50
move down
collect 50
move down
collect 50
move down
collect 50
move down
collect 50
move down
collect 50
move down
collect 50
move down
collect 50
move down
collect 50
move down
collect 50
move down
collect 50
move down
collect 50
move down
collect 50
move down
collect 50
move down
collect 50
move down
collect 50
move down
collect 50
move down
collect 50
move down
collect 50
move down
collect 50
move down
collect 50
move down
collect 50
move down
collect 50
move down
collect 50
move down
collect 50
move down
collect 50
move down
collect 50
move down
collect 50
move down
collect 50
move down
collect 50
move down
collect 50
move down
collect 50
move down
collect 50
move down
collect 50
move down
collect 50
move down
collect 50
move down
collect 50
move down
collect 50
move down
collect 50
move down
collect 50
move down
collect 50
move down
collect 50
move down
collect 50
move down
collect 50
move down
collect 50
move down
collect 50
move down
collect 50
move down
collect 50
move down
collect 50
move down
collect 50
move down
collect 50
move down
collect 50
move down
collect 50
move down
collect 50
move down
collect 50
move down
collect 50
move down
collect 50
move down
collect 50
move down
collect 50
move down
collect 50
move down
collect 50
move down
collect 50
move down
collect 50
move down
collect 50
move down
collect 50
move down
collect 50
move down
collect 50
move down
collect 50
move down
collect 50
move down
collect 50
move down
collect 50
move down
collect 50
move down
collect 50
move down
collect 50
move down
collect 50
move down
collect 50
move down
collect 50
move down
collect 50
move down
collect 50
move down
collect 50
move down
collect 50
move down
collect 50
move down
collect 50
move down
collect 50
move down
collect 50
move down
collect 50
move down
collect 50
move down
collect 50
move down
collect 50
move down
collect 50
move down
collect 50
move down
collect 50
move down
collect 50
move down
collect 50
move down
collect 50
move down
collect 50
move down
collect 50
move down
collect 50
move down
collect 50
move down
collect 50
move down
collect 50
move down
collect 50
move down
collect 50
move down
collect 50
move down
collect 50
move down
collect 50
move down
collect 50
move down
collect 50
move down
collect 50
move down
collect 50
move down
collect 50
move down
collect 50
move down
collect 50
move down
collect 50
move down
collect 50
move down
collect 50
move down
collect 50
move down
collect 50
move down
collect 50
move down
collect 50
move down
collect 50
move down
collect 50
move down
collect 50
move down
collect 50
move down
collect 50
move down
collect 50
move down
collect 50
move down
collect 50
move down
collect 50
move down
collect 50
move down
collect 50
move down
collect 50
move down
collect 50
move down
collect 50
move down
collect 50
move down
collect 50
move down
collect 50
move down
collect 50
move down
collect 50
move down
collect 50
move down
collect 50
move down
collect 50
move down
collect 50
move down
collect 50
move down
collect 50
move down
collect 50
move down
collect 50
move down
collect 50
move down
collect 50
move down
collect 50
move down
collect 50
move down
collect 50
move down
collect 50
move down
collect 50
move down
collect 50
move down
collect 50
move down
collect 50
move down
collect 50
move down
collect 50
move down
collect 50
move down
collect 50
move down
collect 50
move down
collect 50
move down
collect 50
move down
collect 50
move down
collect 50
move down
collect 50
move down
collect 50
move down
collect 50
move down
collect 50
move down
collect 50
move down
collect 50
move down
collect 50
move down
collect 50
move down
collect 50
move down
collect 50
move down
collect 50
move down
collect 50
move down
collect 50
move down
collect 50
move down
collect 50
move down
collect 50
move down
collect 50
move down
collect 50
move down
collect 50
move down
collect 50
move down
collect 50
move down
collect 50
move down
collect 50
move down
collect 50
move down
collect 50
move down
collect 50
move down
collect 50
move down
collect 50
move down
collect 50
move down
collect 50
move down
collect 50
move down
collect 50
move down
collect 50
move down
collect 50
move down
collect 50
move down
collect 50
move down
collect 50
move down
collect 50
move down
collect 50
move down
collect 50
move down
collect 50
move down
collect 50
move down
collect 50
move down
collect 50
move down
collect 50
move down
collect 50
move down
collect 50
move down
collect 50
move down
collect 50
move down
collect 50
move down
collect 50
move down
collect 50
move down
collect 50
move down
collect 50
move down
collect 50
move down
collect 50
move down
collect 50
move down
collect 50
move down
collect 50
move down
collect 50
move down
collect 50
move down
collect 50
move down
collect 50
move down
collect 50
move down
collect 50
move down
collect 50
move down
collect 50
move down
collect 50
move down
collect 50
move down
collect 50
move down
collect 50
move down
collect 50
move down
collect 50
move down
collect 50
move down
collect 50
move down
collect 50
move down
collect 50
move down
collect 50
move down
collect 50
move down
collect 50
move down
collect 50
move down
collect 50
move down
collect 50
move down
collect 50
move down
collect 50
move down
collect 50
move down
collect 50
move down
collect 50
move down
collect 50
move down
collect 50
move down
collect 50
move down
collect 50
move down
collect 50
move down
collect 50
move down
collect 50
move down
collect 50
move down
collect 50
move down
collect 50
move down
collect 50
move down
collect 50
move down
collect 50
move down
collect 50
move down
collect 50
move down
collect 50
move down
collect 50
move down
collect 50
move down
collect 50
move down
collect 50
move down
collect 50
move down
collect 50
move down
collect 50
move down
collect 50
move down
collect 50
move down
collect 50
move down
collect 50
move down
collect 50
move down
collect 50
move down
collect 50
move down
collect 50
move down
collect 50
move down
collect 50
move down
collect 50
move down
collect 50
move down
collect 50
move down
collect 50
move down
collect 50
move down
collect 50
move down
collect 50
move down
collect 50
move down
collect 50
move down
collect 50
move down
collect 50
move down
collect 50
move down
collect 50
move down
collect 50
move down
collect 50
move down
collect 50
move down
collect 50
move down
collect 50
move down
collect 50
move down
collect 50
move down
collect 50
move down
collect 50
move down
collect 50
move down
collect 50
move down
collect 50
move down
collect 50
move down
collect 50
move down
collect 50
move down
collect 50
move down
collect 50
move down
collect 50
move down
collect 50
move down
collect 50
move down
collect 50
move down
collect 50
move down
collect 50
move down
collect 50
move down
collect 50
move down
collect 50
move down
collect 50
move down
collect 50
move down
collect 50
move down
collect 50
move down
collect 50
move down
collect 50
move down
collect 50
move down
collect 50
move down
collect 50
move down
collect 50
move down
collect 50
move down
collect 50
move down
collect 50
move down
collect 50
move down
collect 50
move down
collect 50
move down
collect 50
move down
collect 50
move down
collect 50
move down
collect 50
move down
collect 50
move down
collect 50
move down
collect 50
move down
collect 50
move down
collect 50
move down
collect 50
move down
collect 50
move down
collect 50
move down
collect 50
move down
collect 50
move down
collect 50
move down
collect 50
move down
collect 50
move down
collect 50
move down
collect 50
move down
collect 50
move down
collect 50
move down
collect 50
move down
collect 50
move down
collect 50
move down
collect 50
move down
collect 50
move down
collect 50
move down
collect 50
move down
collect 50
move down
collect 50
move down
collect 50
move down
collect 50
move down
collect 50
move down
collect 50
move down
collect 50
move down
collect 50
move down
collect 50
move down
collect 50
move down
collect 50
move down
collect 50
move down
collect 50
move down
collect 50
move down
collect 50
move down
collect 50
move down
collect 50
move down
collect 50
move down
collect 50
move down
collect 50
move down
collect 50
move down
collect 50
move down
collect 50
move down
collect 50
move down
collect 50
move down
collect 50
move down
collect 50
move down
collect 50
move down
collect 50
move down
collect 50
move down
collect 50
move down
collect 50
move down
collect 50
move down
collect 50
move down
collect 50
move down
collect 50
move down
collect 50
move down
collect 50
move down
collect 50
move down
collect 50
move down
collect 50
move down
collect 50
move down
collect 50
move down
collect 50
move down
collect 50
move down
collect 50
move down
collect 50
move down
collect 50
move down
collect 50
move down
collect 50
move down
collect 50
move down
collect 50
move down
collect 50
move down
collect 50
move down
collect 50
move down
collect 50
move down
collect 50
move down
collect 50
move down
collect 50
move down
collect 50
move down
collect 50
move down
collect 50
move down
collect 50
move down
collect 50
move down
collect 50
move down
collect 50
move down
collect 50
move down
collect 50
move down
collect 50
move down
collect 50
move down
collect 50
move down
collect 50
move down
collect 50
move down
collect 50
move down
collect 50
move down
collect 50
move down
collect 50
move down
collect 50
move down
collect 50
move down
collect 50
move down
collect 50
move down
collect 50
move down
collect 50
move down
collect 50
move down
collect 50
move down
collect 50
move down
collect 50
move down
collect 50
move down
collect 50
move down
collect 50
move down
collect 50
move down
collect 50
move down
collect 50
move down
collect 50
move down
collect 50
move down
collect 50
move down
collect 50
move down
collect 50
move down
collect 50
move down
collect 50
move down
collect 50
move down
collect 50
move down
collect 50
move down
collect 50
move down
collect 50
move down
collect 50
move down
collect 50
move down
collect 50
move down
collect 50
move down
collect 50
move down
collect 50
move down
collect 50
move down
collect 50
move down
collect 50
move down
collect 50
move down
collect 50
move down
collect 50
move down
collect 50
move down
collect 50
move down
collect 50
move down
collect 50
move down
collect 50
move down
collect 50
move down
collect 50
move down
collect 50
move down
collect 50
move down
collect 50
move down
collect 50
move down
collect 50
move down
collect 50
move down
collect 50
move down
collect 50
move down
collect 50
move down
collect 50
move down
collect 50
move down
collect 50
move down
collect 50
move down
collect 50
move down
collect 50
move down
collect 50
move down
collect 50
move down
collect 50
move down
collect 50
move down
collect 50
move down
collect 50
move down
collect 50
move down
collect 50
move down
collect 50
move down
collect 50
move down
collect 50
move down
collect 50
move down
collect 50
move down
collect 50
move down
collect 50
move down
collect 50
move down
collect 50
move down
collect 50
move down
collect 50
move down
collect 50
move down
collect 50
move down
collect 50
move down
collect 50
move down
collect 50
move down
collect 50
move down
collect 50
move down
collect 50
move down
collect 50
move down
collect 50
move down
collect 50
move down
collect 50
move down
collect 50
move down
collect 50
move down
collect 50
move down
collect 50
move down
collect 50
move down
collect 50
move down
collect 50
move down
collect 50
move down
collect 50
move down
collect 50
move down
collect 50
move down
collect 50
move down
collect 50
move down
collect 50
move down
collect 50
move down
collect 50
move down
collect 50
move down
collect 50
move down
collect 50
move down
collect 50
move down
collect 50
move down
collect 50
move down
collect 50
move down
collect 50
move down
collect 50
move down
collect 50
move down
collect 50
move down
collect 50
move down
collect 50
move down
collect 50
move down
collect 50
move down
collect 50
move down
collect 50
move down
collect 50
move down
collect 50
move down
collect 50
move down
collect 50
move down
collect 50
move down
collect 50
move down
collect 50
move down
collect 50
move down
collect 50
move down
collect 50
move down
collect 50
move down
collect 50
move down
collect 50
move down
collect 50
move down
collect 50
move down
collect 50
move down
collect 50
move down
collect 50
move down
collect 50
move down
collect 50
move down
collect 50
move down
collect 50
move down
collect 50
move down
collect 50
move down
collect 50
move down
collect 50
move down
collect 50
move down
collect 50
move down
collect 50
move down
collect 50
move down
collect 50
move down
collect 50
move down
collect 50
move down
collect 50
move down
collect 50
move down
collect 50
move down
collect 50
move down
collect 50
move down
collect 50
move down
collect 50
move down
collect 50
move down
collect 50
move down
collect 50
move down
collect 50
move down
collect 50
move down
collect 50
move down
collect 50
move down
collect 50
move down
collect 50
move down
collect 50
move down
collect 50
move down
collect 50
move down
collect 50
move down
collect 50
move down
collect 50
move down
collect 50
move down
collect 50
move down
collect 50
move down
collect 50
move down
collect 50
move down
collect 50
move down
collect 50
move down
collect 50
move down
collect 50
move down
collect 50
move down
collect 50
move down
collect 50
move down
collect 50
move down
collect 50
move down
collect 50
move down
collect 50
move down
collect 50
move down
collect 50
move down
collect 50
move down
collect 50
move down
collect 50
move down
collect 50
move down
collect 50
move down
collect 50
move down
collect 50
move down
collect 50
move down
collect 50
move down
collect 50
move down
collect 50
move down
collect 50
move down
collect 50
move down
collect 50
move down
collect 50
move down
collect 50
move down
collect 50
move down
collect 50
move down
collect 50
move down
collect 50
move down
collect 50
move down
collect 50
move down
collect 50
move down
collect 50
move down
collect 50
move down
collect 50
move down
collect 50
move down
collect 50
move down
collect 50
move down
collect 50
move down
collect 50
move down
collect 50
move down
collect 50
move down
collect 50
move down
collect 50
move down
collect 50
move down
collect 50
move down
collect 50
move down
collect 50
move down
collect 50
move down
collect 50
move down
collect 50
move down
collect 50
move down
collect 50
move down
collect 50
move down
collect 50
move down
collect 50
move down
collect 50
move down
collect 50
move down
collect 50
move down
collect 50
move down
collect 50
move down
collect 50
move down
collect 50
move down
collect 50
move down
collect 50
move down
collect 50
move down
collect 50
move down
collect 50
move down
collect 50
move down
collect 50
move down
collect 50
move down
collect 50
move down
collect 50
move down
collect 50
move down
collect 50
move down
collect 50
move down
collect 50
move down
collect 50
move down
collect 50
move down
collect 50
move down
collect 50
move down
collect 50
move down
collect 50
move down
collect 50
move down
collect 50
move down
collect 50
move down
collect 50
move down
collect 50
move down
collect 50
move down
collect 50
move down
collect 50
move down
collect 50
move down
collect 50
move down
collect 50
move down
collect 50
move down
collect 50
move down
collect 50
move down
collect 50
move down
collect 50
move down
collect 50
move down
collect 50
move down
collect 50
move down
collect 50
move down
collect 50
move down
collect 50
move down
collect 50
move down
collect 50
move down
collect 50
move down
collect 50
move down
collect 50
move down
collect 50
move down
collect 50
move down
collect 50
move down
collect 50
move down
collect 50
move down
collect 50
move down
collect 50
move down
collect 50
move down
collect 50
move down
collect 50
move down
collect 50
move down
collect 50
move down
collect 50
move down
collect 50
move down
collect 50
move down
collect 50
move down
collect 50
move down
collect 50
move down
collect 50
move down
collect 50
move down
collect 50
move down
collect 50
move down
collect 50
move down
collect 50
move down
collect 50
move down
collect 50
move down
collect 50
move down
collect 50
move down
collect 50
move down
collect 50
move down
collect 50
move down
collect 50
move down
collect 50
move down
collect 50
move down
collect 50
move down
collect 50
move down
collect 50
move down
collect 50
move down
collect 50
move down
collect 50
move down
collect 50
move down
collect 50
move down
collect 50
move down
collect 50
move down
collect 50
move down
collect 50
move down
collect 50
move down
collect 50
move down
collect 50
move down
collect 50
move down
collect 50
move down
collect 50
move down
collect 50
move down
collect 50
move down
collect 50
move down
collect 50
move down
collect 50
move down
collect 50
move down
collect 50
move down
collect 50
move down
collect 50
move down
collect 50
move down
collect 50
move down
collect 50
move down
collect 50
move down
collect 50
move down
collect 50
move down
collect 50
move down
collect 50
move down
collect 50
move down
collect 50
move down
collect 50
move down
collect 50
move down
collect 50
move down
collect 50
move down
collect 50
move down
collect 50
move down
collect 50
move down
collect 50
move down
collect 50
move down
collect 50
move down
collect 50
move down
collect 50
move down
collect 50
move down
collect 50
move down
collect 50
move down
collect 50
move down
collect 50
move down
collect 50
move down
collect 50
move down
collect 50
move down
collect 50
move down
collect 50
move down
collect 50
move down
collect 50
move down
collect 50
move down
collect 50
move down
collect 50
move down
collect 50
move down
collect 50
move down
collect 50
move down
collect 50
move down
collect 50
move down
collect 50
move down
collect 50
move down
collect 50
move down
collect 50
move down
collect 50
move down
collect 50
move down
collect 50
move down
collect 50
move down
collect 50
move down
collect 50
move down
collect 50
move down
collect 50
move down
collect 50
move down
collect 50
move down
collect 50
move down
collect 50
move down
collect 50
move down
collect 50
move down
collect 50
move down
collect 50
move down
collect 50
move down
collect 50
move down
collect 50
move down
collect 50
move down
collect 50
move down
collect 50
move down
collect 50
move down
collect 50
move down
collect 50
move down
collect 50
move down
collect 50
move down
collect 50
move down
collect 50
move down
collect 50
move down
collect 50
move down
collect 50
move down
collect 50
move down
collect 50
move down
collect 50
move down
collect 50
move down
collect 50
move down
collect 50
move down
collect 50
move down
collect 50
move down
collect 50
move down
collect 50
move down
collect 50
move down
collect 50
move down
collect 50
move down
collect 50
move down
collect 50
move down
collect 50
move down
collect 50
move down
collect 50
move down
collect 50
move down
collect 50
move down
collect 50
move down
collect 50
move down
collect 50
move down
collect 50
move down
collect 50
move down
collect 50
move down
collect 50
move down
collect 50
move down
collect 50
move down
collect 50
move down
collect 50
move down
collect 50
move down
collect 50
move down
collect 50
move down
collect 50
move down
collect 50
move down
collect 50
move down
collect 50
move down
collect 50
move down
collect 50
move down
collect 50
move down
collect 50
move down
collect 50
move down
collect 50
move down
collect 50
move down
collect 50
move down
collect 50
move down
collect 50
move down
collect 50
move down
collect 50
move down
collect 50
move down
collect 50
move down
collect 50
move down
collect 50
move down
collect 50
move down
collect 50
move down
collect 50
move down
collect 50
move down
collect 50
move down
collect 50
move down
collect 50
move down
collect 50
move down
collect 50
move down
collect 50
move down
collect 50
move down
collect 50
move down
collect 50
move down
collect 50
move down
collect 50
move down
collect 50
move down
collect 50
move down
collect 50
move down
collect 50
move down
collect 50
move down
collect 50
move down
collect 50
move down
collect 50
move down
collect 50
move down
collect 50
move down
collect 50
move down
collect 50
move down
collect 50
move down
collect 50
move down
collect 50
move down
collect 50
move down
collect 50
move down
collect 50
move down
collect 50
move down
collect 50
move down
collect 50
move down
collect 50
move down
collect 50
move down
collect 50
move down
collect 50
move down
collect 50
move down
collect 50
move down
collect 50
move down
collect 50
move down
collect 50
move down
collect 50
move down
collect 50
move down
collect 50
move down
collect 50
move down
collect 50
move down
collect 50
move down
collect 50
move down
collect 50
move down
collect 50
move down
collect 50
move down
collect 50
move down
collect 50
move down
collect 50
move down
collect 50
move down
collect 50
move down
collect 50
move down
collect 50
move down
collect 50
move down
collect 50
move down
collect 50
move down
collect 50
move down
collect 50
move down
collect 50
move down
collect 50
move down
collect 50
move down
collect 50
move down
collect 50
move down
collect 50
move down
collect 50
move down
collect 50
move down
collect 50
move down
collect 50
move down
collect 50
move down
collect 50
move down
collect 50
move down
collect 50
move down
collect 50
move down
collect 50
move down
collect 50
move down
collect 50
move down
collect 50
move down
collect 50
move down
collect 50
move down
collect 50
move down
collect 50
move down
collect 50
move down
collect 50
move down
collect 50
move down
collect 50
move down
collect 50
move down
collect 50
move down
collect 50
move down
collect 50
move down
collect 50
move down
collect 50
move down
collect 50
move down
collect 50
move down
collect 50
move down
collect 50
move down
collect 50
move down
collect 50
move down
collect 50
move down
collect 50
move down
collect 50
move down
collect 50
move down
collect 50
move down
collect 50
move down
collect 50
move down
collect 50
move down
collect 50
move down
collect 50
move down
collect 50
move down
collect 50
move down
collect 50
move down
collect 50
move down
collect 50
move down
collect 50
move down
collect 50
move down
collect 50
move down
collect 50
move down
collect 50
move down
collect 50
move down
collect 50
move down
collect 50
move down
collect 50
move down
collect 50
move down
collect 50
move down
collect 50
move down
collect 50
move down
collect 50
move down
collect 50
move down
collect 50
move down
collect 50
move down
collect 50
move down
collect 50
move down
collect 50
move down
collect 50
move down
collect 50
move down
collect 50
move down
collect 50
move down
collect 50
move down
collect 50
move down
collect 50
move down
collect 50
move down
collect 50
move down
collect 50
move down
collect 50
move down
collect 50
move down
collect 50
move down
collect 50
move down
collect 50
move down
collect 50
move down
collect 50
move down
collect 50
move down
collect 50
move down
collect 50
move down
collect 50
move down
collect 50
move down
collect 50
move down
collect 50
move down
collect 50
move down
collect 50
move down
collect 50
move down
collect 50
move down
collect 50
move down
collect 50
move down
collect 50
move down
collect 50
move down
collect 50
move down
collect 50
move down
collect 50
move down
collect 50
move down
collect 50
move down
collect 50
move down
collect 50
move down
collect 50
move down
collect 50
move down
collect 50
move down
collect 50
move down
collect 50
move down
collect 50
move down
collect 50
move down
collect 50
move down
collect 50
move down
collect 50
move down
collect 50
move down
collect 50
move down
collect 50
move down
collect 50
move down
collect 50
move down
collect 50
move down
collect 50
move down
collect 50
move down
collect 50
move down
collect 50
move down
collect 50
move down
collect 50
move down
collect 50
move down
collect 50
move down
collect 50
move down
collect 50
move down
collect 50
move down
collect 50
move down
collect 50
move down
collect 50
move down
collect 50
move down
collect 50
move down
collect 50
move down
collect 50
move down
collect 50
move down
collect 50
move down
collect 50
move down
collect 50
move down
collect 50
move down
collect 50
move down
collect 50
move down
collect 50
move down
collect 50
move down
collect 50
move down
collect 50
move down
collect 50
move down
collect 50
move down
collect 50
move down
collect 50
move down
collect 50
move down
collect 50
move down
collect 50
move down
collect 50
move down
collect 50
move down
collect 50
move down
collect 50
move down
collect 50
move down
collect 50
move down
collect 50
move down
collect 50
move down
collect 50
move down
collect 50
move down
collect 50
move down
collect 50
move down
collect 50
move down
collect 50
move down
collect 50
move down
collect 50
move down
collect 50
move down
collect 50
move down
collect 50
move down
collect 50
move down
collect 50
move down
collect 50
move down
collect 50
move down
collect 50
move down
collect 50
move down
collect 50
move down
collect 50
move down
collect 50
move down
collect 50
move down
collect 50
move down
collect 50
move down
collect 50
move down
collect 50
move down
collect 50
move down
collect 50
move down
collect 50
move down
collect 50
move down
collect 50
move down
collect 50
move down
collect 50
move down
collect 50
move down
collect 50
move down
collect 50
move down
collect 50
move down
collect 50
move down
collect 50
move down
collect 50
move down
collect 50
move down
collect 50
move down
collect 50
move down
collect 50
move down
collect 50
move down
collect 50
move down
collect 50
move down
collect 50
move down
collect 50
move down
collect 50
move down
collect 50
move down
collect 50
move down
collect 50
move down
collect 50
move down
collect 50
move down
collect 50
move down
collect 50
move down
collect 50
move down
collect 50
move down
collect 50
move down
collect 50
move down
collect 50
move down
collect 50
move down
collect 50
move down
collect 50
move down
collect 50
move down
collect 50
move down
collect 50
move down
collect 50
move down
collect 50
move down
collect 50
move down
collect 50
move down
collect 50
move down
collect 50
move down
collect 50
move down
collect 50
move down
collect 50
move down
collect 50
move down
collect 50
move down
collect 50
move down
collect 50
move down
collect 50
move down
collect 50
move down
collect 50
move down
collect 50
move down
collect 50
move down
collect 50
move down
collect 50
move down
collect 50
move down
collect 50
move down
collect 50
move down
collect 50
move down
collect 50
move down
collect 50
move down
collect 50
move down
collect 50
move down
collect 50
move down
collect 50
move down
collect 50
move down
collect 50
move down
collect 50
move down
collect 50
move down
collect 50
move down
collect 50
move down
collect 50
move down
collect 50
move down
collect 50
move down
collect 50
move down
collect 50
move down
collect 50
move down
collect 50
move down
collect 50
move down
collect 50
move down
collect 50
move down
collect 50
move down
collect 50
move down
collect 50
move down
collect 50
move down
collect 50
move down
collect 50
move down
collect 50
move down
collect 50
move down
collect 50
move down
collect 50
move down
collect 50
move down
collect 50
move down
collect 50
move down
collect 50
move down
collect 50
move down
collect 50
move down
collect 50
move down
collect 50
move down
collect 50
move down
collect 50
move down
collect 50
move down
collect 50
move down
collect 50
move down
collect 50
move down
collect 50
move down
collect 50
move down
collect 50
move down
collect 50
move down
collect 50
move down
collect 50
move down
collect 50
move down
collect 50
move down
collect 50
move down
collect 50
move down
collect 50
move down
collect 50
move down
collect 50
move down
collect 50
move down
collect 50
move down
collect 50
move down
collect 50
move down
collect 50
move down
collect 50
move down
collect 50
move down
collect 50
move down
collect 50
move down
collect 50
move down
collect 50
move down
collect 50
move down
collect 50
move down
collect 50
move down
collect 50
move down
collect 50
move down
collect 50
move down
collect 50
move down
collect 50
move down
collect 50
move down
collect 50
move down
collect 50
move down
collect 50
move down
collect 50
move down
collect 50
move down
collect 50
move down
collect 50
move down
collect 50
move down
collect 50
move down
collect 50
move down
collect 50
move down
collect 50
move down
collect 50
move down
collect 50
move down
collect 50
move down
collect 50
move down
collect 50
move down
collect 50
move down
collect 50
move down
collect 50
move down
collect 50
move down
collect 50
move down
collect 50
move down
collect 50
move down
collect 50
move down
collect 50
move down
collect 50
move down
collect 50
move down
collect 50
move down
collect 50
move down
collect 50
move down
collect 50
move down
collect 50
move down
collect 50
move down
collect 50
move down
collect 50
move down
collect 50
move down
collect 50
move down
collect 50
move down
collect 50
move down
collect 50
move down
collect 50
move down
collect 50
move down
collect 50
move down
collect 50
move down
collect 50
move down
collect 50
move down
collect 50
move down
collect 50
move down
collect 50
move down
collect 50
move down
collect 50
move down
collect 50
move down
collect 50
move down
collect 50
move down
collect 50
move down
collect 50
move down
collect 50
move down
collect 50
move down
collect 50
move down
collect 50
move down
collect 50
move down
collect 50
move down
collect 50
move down
collect 50
move down
collect 50
move down
collect 50
move down
collect 50
move down
collect 50
move down
collect 50
move down
collect 50
move down
collect 50
move down
collect 50
move down
collect 50
move down
collect 50
move down
collect 50
move down
collect 50
move down
collect 50
move down
collect 50
move down
collect 50
move down
collect 50
move down
collect 50
move down
collect 50
move down
collect 50
move down
collect 50
move down
collect 50
move down
collect 50
move down
collect 50
move down
collect 50
move down
collect 50
move down
collect 50
move down
collect 50
move down
collect 50
move down
collect 50
move down
collect 50
move down
collect 50
move down
collect 50
move down
collect 50
move down
collect 50
move down
collect 50
move down
collect 50
move down
collect 50
move down
collect 50
move down
collect 50
move down
collect 50
move down
collect 50
move down
collect 50
move down
collect 50
move down
collect 50
move down
collect 50
move down
collect 50
move down
collect 50
move down
collect 50
move down
collect 50
move down
collect 50
move down
collect 50
move down
collect 50
move down
collect 50
move down
collect 50
move down
collect 50
move down
collect 50
move down
collect 50
move down
collect 50
move down
collect 50
move down
collect 50
move down
collect 50
move down
collect 50
move down
collect 50
move down
collect 50
move down
collect 50
move down
collect 50
move down
collect 50
move down
collect 50
move down
collect 50
move down
collect 50
move down
collect 50
move down
collect 50
move down
collect 50
move down
collect 50
move down
collect 50
move down
collect 50
move down
collect 50
move down
collect 50
move down
collect 50
move down
collect 50
move down
collect 50
move down
collect 50
move down
collect 50
move down
collect 50
move down
collect 50
move down
collect 50
move down
collect 50
move down
collect 50
move down
collect 50
move down
collect 50
move down
collect 50
move down
collect 50
move down
collect 50
move down
collect 50
move down
collect 50
move down
collect 50
move down
collect 50
move down
collect 50
move down
collect 50
move down
collect 50
move down
collect 50
move down
collect 50
move down
collect 50
move down
collect 50
move down
collect 50
move down
collect 50
move down
collect 50
move down
collect 50
move down
collect 50
move down
collect 50
move down
collect 50
move down
collect 50
move down
collect 50
move down
collect 50
move down
collect 50
move down
collect 50
move down
collect 50
move down
collect 50
move down
collect 50
move down
collect 50
move down
collect 50
move down
collect 50
move down
collect 50
move down
collect 50
move down
collect 50
move down
collect 50
move down
collect 50
move down
collect 50
move down
collect 50
move down
collect 50
move down
collect 50
move down
collect 50
move down
collect 50
move down
collect 50
move down
collect 50
move down
collect 50
move down
collect 50
move down
collect 50
move down
collect 50
move down
collect 50
move down
collect 50
move down
collect 50
move down
collect 50
move down
collect 50
move down
collect 50
move down
collect 50
move down
collect 50
move down
collect 50
move down
collect 50
move down
collect 50
move down
collect 50
move down
collect 50
move down
collect 50
move down
collect 50
move down
collect 50
move down
collect 50
move down
collect 50
move down
collect 50
move down
collect 50
move down
collect 50
move down
collect 50
move down
collect 50
move down
collect 50
move down
collect 50
move down
collect 50
move down
collect 50
move down
collect 50
move down
collect 50
move down
collect 50
move down
collect 50
move down
collect 50
move down
collect 50
move down
collect 50
move down
collect 50
move down
collect 50
move down
collect 50
move down
collect 50
move down
collect 50
move down
collect 50
move down
collect 50
move down
collect 50
move down
collect 50
move down
collect 50
move down
collect 50
move down
collect 50
move down
collect 50
move down
collect 50
move down
collect 50
move down
collect 50
move down
collect 50
move down
collect 50
move down
collect 50
move down
collect 50
move down
collect 50
move down
collect 50
move down
collect 50
move down
collect 50
move down
collect 50
move down
collect 50
move down
collect 50
move down
collect 50
move down
collect 50
move down
collect 50
move down
collect 50
move down
collect 50
move down
collect 50
move down
collect 50
move down
collect 50
move down
collect 50
move down
collect 50
move down
collect 50
move down
collect 50
move down
collect 50
move down
collect 50
move down
collect 50
move down
collect 50
move down
collect 50
move down
collect 50
move down
collect 50
move down
collect 50
move down
collect 50
move down
collect 50
move down
collect 50
move down
collect 50
move down
collect 50
move down
collect 50
move down
collect 50
move down
collect 50
move down
collect 50
move down
collect 50
move down
collect 50
move down
collect 50
move down
collect 50
move down
collect 50
move down
collect 50
move down
collect 50
move down
collect 50
move down
collect 50
move down
collect 50
move down
collect 50
move down
collect 50
move down
collect 50
move down
collect 50
move down
collect 50
move down
collect 50
move down
collect 50
move down
collect 50
move down
collect 50
move down
collect 50
move down
collect 50
move down
collect 50
move down
collect 50
move down
collect 50
move down
collect 50
move down
collect 50
move down
collect 50
move down
collect 50
move down
collect 50
move down
collect 50
move down
collect 50
move down
collect 50
move down
collect 50
move down
collect 50
move down
collect 50
move down
collect 50
move down
collect 50
move down
collect 50
move down
collect 50
move down
collect 50
move down
collect 50
move down
collect 50
move down
collect 50
move down
collect 50
move down
collect 50
move down
collect 50
move down
collect 50
move down
collect 50
move down
collect 50
move down
collect 50
move down
collect 50
move down
collect 50
move down
collect 50
move down
collect 50
move down
collect 50
move down
collect 50
move down
collect 50
move down
collect 50
move down
collect 50
move down
collect 50
move down
collect 50
move down
collect 50
move down
collect 50
move down
collect 50
move down
collect 50
move down
collect 50
move down
collect 50
move down
collect 50
move down
collect 50
move down
collect 50
move down
collect 50
move down
collect 50
move down
collect 50
move down
collect 50
move down
collect 50
move down
collect 50
move down
collect 50
move down
collect 50
move down
collect 50
move down
collect 50
move down
collect 50
move down
collect 50
move down
collect 50
move down
collect 50
move down
collect 50
move down
collect 50
move down
collect 50
move down
collect 50
move down
collect 50
move down
collect 50
move down
collect 50
move down
collect 50
move down
collect 50
move down
collect 50
move down
collect 50
move down
collect 50
move down
collect 50
move down
collect 50
move down
collect 50
move down
collect 50
move down
collect 50
move down
collect 50
move down
collect 50
move down
collect 50
move down
collect 50
move down
collect 50
move down
collect 50
move down
collect 50
move down
collect 50
move down
collect 50
move down
collect 50
move down
collect 50
move down
collect 50
move down
collect 50
move down
collect 50
move down
collect 50
move down
collect 50
move down
collect 50
move down
collect 50
move down
collect 50
move down
collect 50
move down
collect 50
move down
collect 50
move down
collect 50
move down
collect 50
move down
collect 50
move down
collect 50
move down
collect 50
move down
collect 50
move down
collect 50
move down
collect 50
move down
collect 50
move down
collect 50
move down
collect 50
move down
collect 50
move down
collect 50
move down
collect 50
move down
collect 50
move down
collect 50
move down
collect 50
move down
collect 50
move down
collect 50
move down
collect 50
move down
collect 50
move down
collect 50
move down
collect 50
move down
collect 50
move down
collect 50
move down
collect 50
move down
collect 50
move down
collect 50
move down
collect 50
move down
collect 50
move down
collect 50
move down
collect 50
move down
collect 50
move down
collect 50
move down
collect 50
move down
collect 50
move down
collect 50
move down
collect 50
move down
collect 50
move down
collect 50
move down
collect 50
move down
collect 50
move down
collect 50
move down
collect 50
move down
collect 50
move down
collect 50
move down
collect 50
move down
collect 50
move down
collect 50
move down
collect 50
move down
collect 50
move down
collect 50
move down
collect 50
move down
collect 50
move down
collect 50
move down
collect 50
move down
collect 50
move down
collect 50
move down
collect 50
move down
collect 50
move down
collect 50
move down
collect 50
move down
collect 50
move down
collect 50
move down
collect 50
move down
collect 50
move down
collect 50
move down
collect 50
move down
collect 50
move down
collect 50
move down
collect 50
move down
collect 50
move down
collect 50
move down
collect 50
move down
collect 50
move down
collect 50
move down
collect 50
move down
collect 50
move down
collect 50
move down
collect 50
move down
collect 50
move down
collect 50
move down
collect 50
move down
collect 50
move down
collect 50
move down
collect 50
move down
collect 50
move down
collect 50
move down
collect 50
move down
collect 50
move down
collect 50
move down
collect 50
move down
collect 50
move down
collect 50
move down
collect 50
move down
collect 50
move down
collect 50
move down
collect 50
move down
collect 50
move down
collect 50
move down
collect 50
move down
collect 50
move down
collect 50
move down
collect 50
move down
collect 50
move down
collect 50
move down
collect 50
move down
collect 50
move down
collect 50
move down
collect 50
move down
collect 50
move down
collect 50
move down
collect 50
move down
collect 50
move down
collect 50
move down
collect 50
move down
collect 50
move down
collect 50
move down
collect 50
move down
collect 50
move down
collect 50
move down
collect 50
move down
collect 50
move down
collect 50
move down
collect 50
move down
collect 50
move down
collect 50
move down
collect 50
move down
collect 50
move down
collect 50
move down
collect 50
move down
collect 50
move down
collect 50
move down
collect 50
move down
collect 50
move down
collect 50
move down
collect 50
move down
collect 50
move down
collect 50
move down
collect 50
move down
collect 50
move down
collect 50
move down
collect 50
move down
collect 50
move down
collect 50
move down
collect 50
move down
collect 50
move down
collect 50
move down
collect 50
move down
collect 50
move down
collect 50
move down
collect 50
move down
collect 50
move down
collect 50
move down
collect 50
move down
collect 50
move down
collect 50
move down
collect 50
move down
collect 50
move down
collect 50
move down
collect 50
move down
collect 50
move down
collect 50
move down
collect 50
move down
collect 50
move down
collect 50
move down
collect 50
move down
collect 50
move down
collect 50
move down
collect 50
move down
collect 50
move down
collect 50
move down
collect 50
move down
collect 50
move down
collect 50
move down
collect 50
move down
collect 50
move down
collect 50
move down
collect 50
move down
collect 50
move down
collect 50
move down
collect 50
move down
collect 50
move down
collect 50
move down
collect 50
move down
collect 50
move down
collect 50
move down
collect 50
move down
collect 50
move down
collect 50
move down
collect 50
move down
collect 50
move down
collect 50
move down
collect 50
move down
collect 50
move down
collect 50
move down
collect 50
move down
collect 50
move down
collect 50
move down
collect 50
move down
collect 50
move down
collect 50
move down
collect 50
move down
collect 50
move down
collect 50
move down
collect 50
move down
collect 50
move down
collect 50
move down
collect 50
move down
collect 50
move down
collect 50
move down
collect 50
move down
collect 50
move down
collect 50
move down
collect 50
move down
collect 50
move down
collect 50
move down
collect 50
move down
collect 50
move down
collect 50
move down
collect 50
move down
collect 50
move down
collect 50
move down
collect 50
move down
collect 50
move down
collect 50
move down
collect 50
move down
collect 50
move down
collect 50
move down
collect 50
move down
collect 50
move down
collect 50
move down
collect 50
move down
collect 50
move down
collect 50
move down
collect 50
move down
collect 50
move down
collect 50
move down
collect 50
move down
collect 50
move down
collect 50
move down
collect 50
move down
collect 50
move down
collect 50
move down
collect 50
move down
collect 50
move down
collect 50
move down
collect 50
move down
collect 50
move down
collect 50
move down
collect 50
move down
collect 50
move down
collect 50
move down
collect 50
move down
collect 50
move down
collect 50
move down
collect 50
move down
collect 50
move down
collect 50
move down
collect 50
move down
collect 50
move down
collect 50
move down
collect 50
move down
collect 50
move down
collect 50
move down
collect 50
move down
collect 50
move down
collect 50
move down
collect 50
move down
collect 50
move down
collect 50
move down
collect 50
move down
collect 50
move down
collect 50
move down
collect 50
move down
collect 50
move down
collect 50
move down
collect 50
move down
collect 50
move down
collect 50
move down
collect 50
move down
collect 50
move down
collect 50
move down
collect 50
move down
collect 50
move down
collect 50
move down
collect 50
move down
collect 50
move down
collect 50
move down
collect 50
move down
collect 50
move down
collect 50
move down
collect 50
move down
collect 50
move down
collect 50
move down
collect 50
move down
collect 50
move down
collect 50
move down
collect 50
move down
collect 50
move down
collect 50
move down
collect 50
move down
collect 50
move down
collect 50
move down
collect 50
move down
collect 50
move down
collect 50
move down
collect 50
move down
collect 50
move down
collect 50
move down
collect 50
move down
collect 50
move down
collect 50
move down
collect 50
move down
collect 50
move down
collect 50
move down
collect 50
move down
collect 50
move down
collect 50
move down
collect 50
move down
collect 50
move down
collect 50
move down
collect 50
move down
collect 50
move down
collect 50
move down
collect 50
move down
collect 50
move down
collect 50
move down
collect 50
move down
collect 50
move down
collect 50
move down
collect 50
move down
collect 50
move down
collect 50
move down
collect 50
move down
collect 50
move down
collect 50
move down
collect 50
move down
collect 50
move down
collect 50
move down
collect 50
move down
collect 50
move down
collect 50
move down
collect 50
move down
collect 50
move down
collect 50
move down
collect 50
move down
collect 50
move down
collect 50
move down
collect 50
move down
collect 50
move down
collect 50
move down
collect 50
move down
collect 50
move down
collect 50
move down
collect 50
move down
collect 50
move down
collect 50
move down
collect 50
move down
collect 50
move down
collect 50
move down
collect 50
move down
collect 50
move down
collect 50
move down
collect 50
move down
collect 50
move down
collect 50
move down
collect 50
move down
collect 50
move down
collect 50
move down
collect 50
move down
collect 50
move down
collect 50
move down
collect 50
move down
collect 50
move down
collect 50
move down
collect 50
move down
collect 50
move down
collect 50
move down
collect 50
move down
collect 50
move down
collect 50
move down
collect 50
move down
collect 50
move down
collect 50
move down
collect 50
move down
collect 50
move down
collect 50
move down
collect 50
move down
collect 50
move down
collect 50
move down
collect 50
move down
collect 50
move down
collect 50
move down
collect 50
move down
collect 50
move down
collect 50
move down
collect 50
move down
collect 50
move down
collect 50
move down
collect 50
move down
collect 50
move down
collect 50
move down
collect 50
move down
collect 50
move down
collect 50
move down
collect 50
move down
collect 50
move down
collect 50
move down
collect 50
move down
collect 50
move down
collect 50
move down
collect 50
move down
collect 50
move down
collect 50
move down
collect 50
move down
collect 50
move down
collect 50
move down
collect 50
move down
collect 50
move down
collect 50
move down
collect 50
move down
collect 50
move down
collect 50
move down
collect 50
move down
collect 50
move down
collect 50
move down
collect 50
move down
collect 50
move down
collect 50
move down
collect 50
move down
collect 50
move down
collect 50
move down
collect 50
move down
collect 50
move down
collect 50
move down
collect 50
move down
collect 50
move down
collect 50
move down
collect 50
move down
collect 50
move down
collect 50
move down
collect 50
move down
collect 50
move down
collect 50
move down
collect 50
move down
collect 50
move down
collect 50
move down
collect 50
move down
collect 50
move down
collect 50
move down
collect 50
move down
collect 50
move down
collect 50
move down
collect 50
move down
collect 50
move down
collect 50
move down
collect 50
move down
collect 50
move down
collect 50
move down
collect 50
move down
collect 50
move down
collect 50
move down
collect 50
move down
collect 50
move down
collect 50
move down
collect 50
move down
collect 50
move down
collect 50
move down
collect 50
move down
collect 50
move down
collect 50
move down
collect 50
move down
collect 50
move down
collect 50
move down
collect 50
move down
collect 50
move down
collect 50
move down
collect 50
move down
collect 50
move down
collect 50
move down
collect 50
move down
collect 50
move down
collect 50
move down
collect 50
move down
collect 50
move down
collect 50
move down
collect 50
move down
collect 50
move down
collect 50
move down
collect 50
move down
collect 50
move down
collect 50
move down
collect 50
move down
collect 50
move down
collect 50
move down
collect 50
move down
collect 50
move down
collect 50
move down
collect 50
move down
collect 50
move down
collect 50
move down
collect 50
move down
collect 50
move down
collect 50
move down
collect 50
move down
collect 50
move down
collect 50
move down
collect 50
move down
collect 50
move down
collect 50
move down
collect 50
move down
collect 50
move down
collect 50
move down
collect 50
move down
collect 50
move down
collect 50
move down
collect 50
move down
collect 50
move down
collect 50
move down
collect 50
move down
collect 50
move down
collect 50
move down
collect 50
move down
collect 50
move down
collect 50
move down
collect 50
move down
collect 50
move down
collect 50
move down
collect 50
move down
collect 50
move down
collect 50
move down
collect 50
move down
collect 50
move down
collect 50
move down
collect 50
move down
collect 50
move down
collect 50
move down
collect 50
move down
collect 50
move down
collect 50
move down
collect 50
move down
collect 50
move down
collect 50
move down
collect 50
move down
collect 50
move down
collect 50
move down
collect 50
move down
collect 50
move down
collect 50
move down
collect 50
move down
collect 50
move down
collect 50
move down
collect 50
move down
collect 50
move down
collect 50
move down
collect 50
move down
collect 50
move down
collect 50
move down
collect 50
move down
collect 50
move down
collect 50
move down
collect 50
move down
collect 50
move down
collect 50
move down
collect 50
move down
collect 50
move down
collect 50
move down
collect 50
move down
collect 50
move down
collect 50
move down
collect 50
move down
collect 50
move down
collect 50
move down
collect 50
move down
collect 50
move down
collect 50
move down
collect 50
move down
collect 50
move down
collect 50
move down
collect 50
move down
collect 50
move down
collect 50
move down
collect 50
move down
collect 50
move down
collect 50
move down
collect 50
move down
collect 50
move down
collect 50
move down
collect 50
move down
collect 50
move down
collect 50
move down
collect 50
move down
collect 50
move down
collect 50
move down
collect 50
move down
collect 50
move down
collect 50
move down
collect 50
move down
collect 50
move down
collect 50
move down
collect 50
move down
collect 50
move down
collect 50
move down
collect 50
move down
collect 50
move down
collect 50
move down
collect 50
move down
collect 50
move down
collect 50
move down
collect 50
move down
collect 50
move down
collect 50
move down
collect 50
move down
collect 50
move down
collect 50
move down
collect 50
move down
collect 50
move down
collect 50
move down
collect 50
move down
collect 50
move down
collect 50
move down
collect 50
move down
collect 50
move down
collect 50
move down
collect 50
move down
collect 50
move down
collect 50
move down
collect 50
move down
collect 50
move down
collect 50
move down
collect 50
move down
collect 50
move down
collect 50
move down
collect 50
move down
collect 50
move down
collect 50
move down
collect 50
move down
collect 50
move down
collect 50
move down
collect 50
move down
collect 50
move down
collect 50
move down
collect 50
move down
collect 50
move down
collect 50
move down
collect 50
move down
collect 50
move down
collect 50
move down
collect 50
move down
collect 50
move down
collect 50
move down
collect 50
move down
collect 50
move down
collect 50
move down
collect 50
move down
collect 50
move down
collect 50
move down
collect 50
move down
collect 50
move down
collect 50
move down
collect 50
move down
collect 50
move down
collect 50
move down
collect 50
move down
collect 50
move down
collect 50
move down
collect 50
move down
collect 50
move down
collect 50
move down
collect 50
move down
collect 50
move down
collect 50
move down
collect 50
move down
collect 50
move down
collect 50
move down
collect 50
move down
collect 50
move down
collect 50
move down
collect 50
move down
collect 50
move down
collect 50
move down
collect 50
move down
collect 50
move down
collect 50
move down
collect 50
move down
collect 50
move down
collect 50
move down
collect 50
move down
collect 50
move down
collect 50
move down
collect 50
move down
collect 50
move down
collect 50
move down
collect 50
move down
collect 50
move down
collect 50
move down
collect 50
move down
collect 50
move down
collect 50
move down
collect 50
move down
collect 50
move down
collect 50
move down
collect 50
move down
collect 50
move down
collect 50
move down
collect 50
move down
collect 50
move down
collect 50
move down
collect 50
move down
collect 50
move down
collect 50
move down
collect 50
move down
collect 50
move down
collect 50
move down
collect 50
move down
collect 50
move down
collect 50
move down
collect 50
move down
collect 50
move down
collect 50
move down
collect 50
move down
collect 50
move down
collect 50
move down
collect 50
move down
collect 50
move down
collect 50
move down
collect 50
move down
collect 50
move down
collect 50
move down
collect 50
move down
collect 50
move down
collect 50
move down
collect 50
move down
collect 50
move down
collect 50
move down
collect 50
move down
collect 50
move down
collect 50
move down
collect 50
move down
collect 50
move down
collect 50
move down
collect 50
move down
collect 50
move down
collect 50
move down
collect 50
move down
collect 50
move down
collect 50
move down
collect 50
move down
collect 50
move down
collect 50
move down
collect 50
move down
collect 50
move down
collect 50
move down
collect 50
move down
collect 50
move down
collect 50
move down
collect 50
move down
collect 50
move down
collect 50
move down
collect 50
move down
collect 50
move down
collect 50
move down
collect 50
move down
collect 50
move down
collect 50
move down
collect 50
move down
collect 50
move down
collect 50
move down
collect 50
move down
collect 50
move down
collect 50
move down
collect 50
move down
collect 50
move down
collect 50
move down
collect 50
move down
collect 50
move down
collect 50
move down
collect 50
move down
collect 50
move down
collect 50
move down
collect 50
move down
collect 50
move down
collect 50
move down
collect 50
move down
collect 50
move down
collect 50
move down
collect 50
move down
collect 50
move down
collect 50
move down
collect 50
move down
collect 50
move down
collect 50
move down
collect 50
move down
collect 50
move down
collect 50
move down
collect 50
move down
collect 50
move down
collect 50
move down
collect 50
move down
collect 50
move down
collect 50
move down
collect 50
move down
collect 50
move down
collect 50
move down
collect 50
move down
collect 50
move down
collect 50
move down
collect 50
move down
collect 50
move down
collect 50
move down
collect 50
move down
collect 50
move down
collect 50
move down
collect 50
move down
collect 50
move down
collect 50
move down
collect 50
move down
collect 50
move down
collect 50
move down
collect 50
move down
collect 50
move down
collect 50
move down
collect 50
move down
collect 50
move down
collect 50
move down
collect 50
move down
collect 50
move down
collect 50
move down
collect 50
move down
collect 50
move down
collect 50
move down
collect 50
move down
collect 50
move down
collect 50
move down
collect 50
move down
collect 50
move down
collect 50
move down
collect 50
move down
collect 50
move down
collect 50
move down
collect 50
move down
collect 50
move down
collect 50
move down
collect 50
move down
collect 50
move down
collect 50
move down
collect 50
move down
collect 50
move down
collect 50
move down
collect 50
move down
collect 50
move down
collect 50
move down
collect 50
move down
collect 50
move down
collect 50
move down
collect 50
move down
collect 50
move down
collect 50
move down
collect 50
move down
collect 50
move down
collect 50
move down
collect 50
move down
collect 50
move down
collect 50
move down
collect 50
move down
collect 50
move down
collect 50
move down
collect 50
move down
collect 50
move down
collect 50
move down
collect 50
move down
collect 50
move down
collect 50
move down
collect 50
move down
collect 50
move down
collect 50
move down
collect 50
move down
collect 50
move down
collect 50
move down
collect 50
move down
collect 50
move down
collect 50
move down
collect 50
move down
collect 50
move down
collect 50
move down
collect 50
move down
collect 50
move down
collect 50
move down
collect 50
move down
collect 50
move down
collect 50
move down
collect 50
move down
collect 50
move down
collect 50
move down
collect 50
move down
collect 50
move down
collect 50
move down
collect 50
move down
collect 50
move down
collect 50
move down
collect 50
move down
collect 50
move down
collect 50
move down
collect 50
move down
collect 50
move down
collect 50
move down
collect 50
move down
collect 50
move down
collect 50
move down
collect 50
move down
collect 50
move down
collect 50
move down
collect 50
move down
collect 50
move down
collect 50
move down
collect 50
move down
collect 50
move down
collect 50
move down
collect 50
move down
collect 50
move down
collect 50
move down
collect 50
move down
collect 50
move down
collect 50
move down
collect 50
move down
collect 50
move down
collect 50
move down
collect 50
move down
collect 50
move down
collect 50
move down
collect 50
move down
collect 50
move down
collect 50
move down
collect 50
move down
collect 50
move down
collect 50
move down
collect 50
move down
collect 50
move down
collect 50
move down
collect 50
move down
collect 50
move down
collect 50
move down
collect 50
move down
collect 50
move down
collect 50
move down
collect 50
move down
collect 50
move down
collect 50
move down
collect 50
move down
collect 50
move down
collect 50
move down
collect 50
move down
collect 50
move down
collect 50
move down
collect 50
move down
collect 50
move down
collect 50
move down
collect 50
move down
collect 50
move down
collect 50
move down
collect 50
move down
collect 50
move down
collect 50
move down
collect 50
move down
collect 50
move down
collect 50
move down
collect 50
move down
collect 50
move down
collect 50
move down
collect 50
move down
collect 50
move down
collect 50
move down
collect 50
move down
collect 50
move down
collect 50
move down
collect 50
move down
collect 50
move down
collect 50
move down
collect 50
move down
collect 50
move down
collect 50
move down
collect 50
move down
collect 50
move down
collect 50
move down
collect 50
move down
collect 50
move down
collect 50
move down
collect 50
move down
collect 50
move down
collect 50
move down
collect 50
move down
collect 50
move down
collect 50
move down
collect 50
move down
collect 50
move down
collect 50
move down
collect 50
move down
collect 50
move down
collect 50
move down
collect 50
move down
collect 50
move down
collect 50
move down
collect 50
move down
collect 50
move down
collect 50
move down
collect 50
move down
collect 50
move down
collect 50
move down
collect 50
move down
collect 50
move down
collect 50
move down
collect 50
move down
collect 50
move down
collect 50
move down
collect 50
move down
collect 50
move down
collect 50
move down
collect 50
move down
collect 50
move down
collect 50
move down
collect 50
move down
collect 50
move down
collect 50
move down
collect 50
move down
collect 50
move down
collect 50
move down
collect 50
move down
collect 50
move down
collect 50
move down
collect 50
move down
collect 50
move down
collect 50
move down
collect 50
move down
collect 50
move down
collect 50
move down
collect 50
move down
collect 50
move down
collect 50
move down
collect 50
move down
collect 50
move down
collect 50
move down
collect 50
move down
collect 50
move down
collect 50
move down
collect 50
move down
collect 50
move down
collect 50
move down
collect 50
move down
collect 50
move down
collect 50
move down
collect 50
move down
collect 50
move down
collect 50
move down
collect 50
move down
collect 50
move down
collect 50
move down
collect 50
move down
collect 50
move down
collect 50
move down
collect 50
move down
collect 50
move down
collect 50
move down
collect 50
move down
collect 50
move down
collect 50
move down
collect 50
move down
collect 50
move down
collect 50
move down
collect 50
move down
collect 50
move down
collect 50
move down
collect 50
move down
collect 50
move down
collect 50
move down
collect 50
move down
collect 50
move down
collect 50
move down
collect 50
move down
collect 50
move down
collect 50
move down
collect 50
move down
collect 50
move down
collect 50
move down
collect 50
move down
collect 50
move down
collect 50
move down
collect 50
move down
collect 50
move down
collect 50
move down
collect 50
move down
collect 50
move down
collect 50
move down
collect 50
move down
collect 50
move down
collect 50
move down
collect 50
move down
collect 50
move down
collect 50
move down
collect 50
move down
collect 50
move down
collect 50
move down
collect 50
move down
collect 50
move down
collect 50
move down
collect 50
move down
collect 50
move down
collect 50
move down
collect 50
move down
collect 50
move down
collect 50
move down
collect 50
move down
collect 50
move down
collect 50
move down
collect 50
move down
collect 50
move down
collect 50
move down
collect 50
move down
collect 50
move down
collect 50
move down
collect 50
move down
collect 50
move down
collect 50
move down
collect 50
move down
collect 50
move down
collect 50
move down
collect 50
move down
collect 50
move down
collect 50
move down
collect 50
move down
collect 50
move down
collect 50
move down
collect 50
move down
collect 50
move down
collect 50
move down
collect 50
move down
collect 50
move down
collect 50
move down
collect 50
move down
collect 50
move down
collect 50
move down
collect 50
move down
collect 50
move down
collect 50
move down
collect 50
move down
collect 50
move down
collect 50
move down
collect 50
move down
collect 50
move down
collect 50
move down
collect 50
move down
collect 50
move down
collect 50
move down
collect 50
move down
collect 50
move down
collect 50
move down
collect 50
move down
collect 50
move down
collect 50
move down
collect 50
move down
collect 50
move down
collect 50
move down
collect 50
move down
collect 50
move down
collect 50
move down
collect 50
move down
collect 50
move down
collect 50
move down
collect 50
move down
collect 50
move down
collect 50
move down
collect 50
move down
collect 50
move down
collect 50
move down
collect 50
move down
collect 50
move down
collect 50
move down
collect 50
move down
collect 50
move down
collect 50
move down
collect 50
move down
collect 50
move down
collect 50
move down
collect 50
move down
collect 50
move down
collect 50
move down
collect 50
move down
collect 50
move down
collect 50
move down
collect 50
move down
collect 50
move down
collect 50
move down
collect 50
move down
collect 50
move down
collect 50
move down
collect 50
move down
collect 50
move down
collect 50
move down
collect 50
move down
collect 50
move down
collect 50
move down
collect 50
move down
collect 50
move down
collect 50
move down
collect 50
move down
collect 50
move down
collect 50
move down
collect 50
move down
collect 50
move down
collect 50
move down
collect 50
move down
collect 50
move down
collect 50
move down
collect 50
move down
collect 50
move down
collect 50
move down
collect 50
move down
collect 50
move down
collect 50
move down
collect 50
move down
collect 50
move down
collect 50
move down
collect 50
move down
collect 50
move down
collect 50
move down
collect 50
move down
collect 50
move down
collect 50
move down
collect 50
move down
collect 50
move down
collect 50
move down
collect 50
move down
collect 50
move down
collect 50
move down
collect 50
move down
collect 50
move down
collect 50
move down
collect 50
move down
collect 50
move down
collect 50
move down
collect 50
move down
collect 50
move down
collect 50
move down
collect 50
move down
collect 50
move down
collect 50
move down
collect 50
move down
collect 50
move down
collect 50
move down
collect 50
move down
collect 50
move down
collect 50
move down
collect 50
move down
collect 50
move down
collect 50
move down
collect 50
move down
collect 50
move down
collect 50
move down
collect 50
move down
collect 50
move down
collect 50
move down
collect 50
move down
collect 50
move down
collect 50
move down
collect 50
move down
collect 50
move down
collect 50
move down
collect 50
move down
collect 50
move down
collect 50
move down
collect 50
move down
collect 50
move down
collect 50
move down
collect 50
move down
collect 50
move down
collect 50
move down
collect 50
move down
collect 50
move down
collect 50
move down
collect 50
move down
collect 50
move down
collect 50
move down
collect 50
move down
collect 50
move down
collect 50
move down
collect 50
move down
collect 50
move down
collect 50
move down
collect 50
move down
collect 50
move down
collect 50
move down
collect 50
move down
collect 50
move down
collect 50
move down
collect 50
move down
collect 50
move down
collect 50
move down
collect 50
move down
collect 50
move down
collect 50
move down
collect 50
move down
collect 50
move down
collect 50
move down
collect 50
move down
collect 50
move down
collect 50
move down
collect 50
move down
collect 50
move down
collect 50
move down
collect 50
move down
collect 50
move down
collect 50
move down
collect 50
move down
collect 50
move down
collect 50
move down
collect 50
move down
collect 50
move down
collect 50
move down
collect 50
move down
collect 50
move down
collect 50
move down
collect 50
move down
collect 50
move down
collect 50
move down
collect 50
move down
collect 50
move down
collect 50
move down
collect 50
move down
collect 50
move down
collect 50
move down
collect 50
move down
collect 50
move down
collect 50
move down
collect 50
move down
collect 50
move down
collect 50
move down
collect 50
move down
collect 50
move down
collect 50
move down
collect 50
move down
collect 50
move down
collect 50
move down
collect 50
move down
collect 50
move down
collect 50
move down
collect 50
move down
collect 50
move down
collect 50
move down
collect 50
move down
collect 50
move down
collect 50
move down
collect 50
move down
collect 50
move down
collect 50
move down
collect 50
move down
collect 50
move down
collect 50
move down
collect 50
move down
collect 50
move down
collect 50
move down
collect 50
move down
collect 50
move down
collect 50
move down
collect 50
move down
collect 50
move down
collect 50
move down
collect 50
move down
collect 50
move down
collect 50
move down
collect 50
move down
collect 50
move down
collect 50
move down
collect 50
move down
collect 50
move down
collect 50
move down
collect 50
move down
collect 50
move down
collect 50
move down
collect 50
move down
collect 50
move down
collect 50
move down
collect 50
move down
collect 50
move down
collect 50
move down
collect 50
move down
collect 50
move down
collect 50
move down
collect 50
move down
collect 50
move down
collect 50
move down
collect 50
move down
collect 50
move down
collect 50
move down
collect 50
move down
collect 50
move down
collect 50
move down
collect 50
move down
collect 50
move down
collect 50
move down
collect 50
move down
collect 50
move down
collect 50
move down
collect 50
move down
collect 50
move down
collect 50
move down
collect 50
move down
collect 50
move down
collect 50
move down
collect 50
move down
collect 50
move down
collect 50
move down
collect 50
move down
collect 50
move down
collect 50
move down
collect 50
move down
collect 50
move down
collect 50
move down
collect 50
move down
collect 50
move down
collect 50
move down
collect 50
move down
collect 50
move down
collect 50
move down
collect 50
move down
collect 50
move down
collect 50
move down
collect 50
move down
collect 50
move down
collect 50
move down
collect 50
move down
collect 50
move down
collect 50
move down
collect 50
move down
collect 50
move down
collect 50
move down
collect 50
move down
collect 50
move down
collect 50
move down
collect 50
move down
collect 50
move down
collect 50
move down
collect 50
move down
collect 50
move down
collect 50
move down
collect 50
move down
collect 50
move down
collect 50
move down
collect 50
move down
collect 50
move down
collect 50
move down
collect 50
move down
collect 50
move down
collect 50
move down
collect 50
move down
collect 50
move down
collect 50
move down
collect 50
move down
collect 50
move down
collect 50
move down
collect 50
move down
collect 50
move down
collect 50
move down
collect 50
move down
collect 50
move down
collect 50
move down
collect 50
move down
collect 50
move down
collect 50
move down
collect 50
move down
collect 50
move down
collect 50
move down
collect 50
move down
collect 50
move down
collect 50
move down
collect 50
move down
collect 50
move down
collect 50
move down
collect 50
move down
collect 50
move down
collect 50
move down
collect 50
move down
collect 50
move down
collect 50
move down
collect 50
move down
collect 50
move down
collect 50
move down
collect 50
move down
collect 50
move down
collect 50
move down
collect 50
move down
collect 50
move down
collect 50
move down
collect 50
move down
collect 50
move down
collect 50
move down
collect 50
move down
collect 50
move down
collect 50
move down
collect 50
move down
collect 50
move down
collect 50
move down
collect 50
move down
collect 50
move down
collect 50
move down
collect 50
move down
collect 50
move down
collect 50
move down
collect 50
move down
collect 50
move down
collect 50
move down
collect 50
move down
collect 50
move down
collect 50
move down
collect 50
move down
collect 50
move down
collect 50
move down
collect 50
move down
collect 50
move down
collect 50
move down
collect 50
move down
collect 50
move down
collect 50
move down
collect 50
move down
collect 50
move down
collect 50
move down
collect 50
move down
collect 50
move down
collect 50
move down
collect 50
move down
collect 50
move down
collect 50
move down
collect 50
move down
collect 50
move down
collect 50
move down
collect 50
move down
collect 50
move down
collect 50
move down
collect 50
move down
collect 50
move down
collect 50
move down
collect 50
move down
collect 50
move down
collect 50
move down
collect 50
move down
collect 50
move down
collect 50
move down
collect 50
move down
collect 50
move down
collect 50
move down
collect 50
move down
collect 50
move down
collect 50
move down
collect 50
move down
collect 50
move down
collect 50
move down
collect 50
move down
collect 50
move down
collect 50
move down
collect 50
move down
collect 50
move down
collect 50
move down
collect 50
move down
collect 50
move down
collect 50
move down
collect 50
move down
collect 50
move down
collect 50
move down
collect 50
move down
collect 50
move down
collect 50
move down
collect 50
move down
collect 50
move down
collect 50
move down
collect 50
move down
collect 50
move down
collect 50
move down
collect 50
move down
collect 50
move down
collect 50
move down
collect 50
move down
collect 50
move down
collect 50
move down
collect 50
move down
collect 50
move down
collect 50
move down
collect 50
move down
collect 50
move down
collect 50
move down
collect 50
move down
collect 50
move down
collect 50
move down
collect 50
move down
collect 50
move down
collect 50
move down
collect 50
move down
collect 50
move down
collect 50
move down
collect 50
move down
collect 50
move down
collect 50
move down
collect 50
move down
collect 50
move down
collect 50
move down
collect 50
move down
collect 50
move down
collect 50
move down
collect 50
move down
collect 50
move down
collect 50
move down
collect 50
move down
collect 50
move down
collect 50
move down
collect 50
move down
collect 50
move down
collect 50
move down
collect 50
move down
collect 50
move down
collect 50
move down
collect 50
move down
collect 50
move down
collect 50
move down
collect 50
move down
collect 50
move down
collect 50
move down
collect 50
move down
collect 50
move down
collect 50
move down
collect 50
move down
collect 50
move down
collect 50
move down
collect 50
move down
collect 50
move down
collect 50
move down
collect 50
move down
collect 50
move down
collect 50
move down
collect 50
move down
collect 50
move down
collect 50
move down
collect 50
move down
collect 50
move down
collect 50
move down
collect 50
move down
collect 50
move down
collect 50
move down
collect 50
move down
collect 50
move down
collect 50
move down
collect 50
move down
collect 50
move down
collect 50
move down
collect 50
move down
collect 50
move down
collect 50
move down
collect 50
move down
collect 50
move down
collect 50
move down
collect 50
move down
collect 50
move down
collect 50
move down
collect 50
move down
collect 50
move down
collect 50
move down
collect 50
move down
collect 50
move down
collect 50
move down
collect 50
move down
collect 50
move down
collect 50
move down
collect 50
move down
collect 50
move down
collect 50
move down
collect 50
move down
collect 50
move down
collect 50
move down
collect 50
move down
collect 50
move down
collect 50
move down
collect 50
move down
collect 50
move down
collect 50
move down
collect 50
move down
collect 50
move down
collect 50
move down
collect 50
move down
collect 50
move down
collect 50
move down
collect 50
move down
collect 50
move down
collect 50
move down
collect 50
move down
collect 50
move down
collect 50
move down
collect 50
move down
collect 50
move down
collect 50
move down
collect 50
move down
collect 50
move down
collect 50
move down
collect 50
move down
collect 50
move down
collect 50
move down
collect 50
move down
collect 50
move down
collect 50
move down
collect 50
move down
collect 50
move down
collect 50
move down
collect 50
move down
collect 50
move down
collect 50
move down
collect 50
move down
collect 50
move down
collect 50
move down
collect 50
move down
collect 50
move down
collect 50
move down
collect 50
move down
collect 50
move down
collect 50
move down
collect 50
move down
collect 50
move down
collect 50
move down
collect 50
move down
collect 50
move down
collect 50
move down
collect 50
move down
collect 50
move down
collect 50
move down
collect 50
move down
collect 50
move down
collect 50
move down
collect 50
move down
collect 50
move down
collect 50
move down
collect 50
move down
collect 50
move down
collect 50
move down
collect 50
move down
collect 50
move down
collect 50
move down
collect 50
move down
collect 50
move down
collect 50
move down
collect 50
move down
collect 50
move down
collect 50
move down
collect 50
move down
collect 50
move down
collect 50
move down
collect 50
move down
collect 50
move down
collect 50
move down
collect 50
move down
collect 50
move down
collect 50
move down
collect 50
move down
collect 50
move down
collect 50
move down
collect 50
move down
collect 50
move down
collect 50
move down
collect 50
move down
collect 50
move down
collect 50
move down
collect 50
move down
collect 50
move down
collect 50
move down
collect 50
move down
collect 50
move down
collect 50
move down
collect 50
move down
collect 50
move down
collect 50
move down
collect 50
move down
collect 50
move down
collect 50
move down
collect 50
move down
collect 50
move down
collect 50
move down
collect 50
move down
collect 50
move down
collect 50
move down
collect 50
move down
collect 50
move down
collect 50
move down
collect 50
move down
collect 50
move down
collect 50
move down
collect 50
move down
collect 50
move down
collect 50
move down
collect 50
move down
collect 50
move down
collect 50
move down
collect 50
move down
collect 50
move down
collect 50
move down
collect 50
move down
collect 50
move down
collect 50
move down
collect 50
move down
collect 50
move down
collect 50
move down
collect 50
move down
collect 50
move down
collect 50
move down
collect 50
move down
collect 50
move down
collect 50
move down
collect 50
move down
collect 50
move down
collect 50
move down
collect 50
move down
collect 50
move down
collect 50
move down
collect 50
move down
collect 50
move down
collect 50
move down
collect 50
move down
collect 50
move down
collect 50
move down
collect 50
move down
collect 50
move down
collect 50
move down
collect 50
move down
collect 50
move down
collect 50
move down
collect 50
move down
collect 50
move down
collect 50
move down
collect 50
move down
collect 50
move down
collect 50
move down
collect 50
move down
collect 50
move down
collect 50
move down
collect 50
move down
collect 50
move down
collect 50
move down
collect 50
move down
collect 50
move down
collect 50
move down
collect 50
move down
collect 50
move down
collect 50
move down
collect 50
move down
collect 50
move down
collect 50
move down
collect 50
move down
collect 50
move down
collect 50
move down
collect 50
move down
collect 50
move down
collect 50
move down
collect 50
move down
collect 50
move down
collect 50
move down
collect 50
move down
collect 50
move down
collect 50
move down
collect 50
move down
collect 50
move down
collect 50
move down
collect 50
move down
collect 50
move down
collect 50
move down
collect 50
move down
collect 50
move down
collect 50
move down
collect 50
move down
collect 50
move down
collect 50
move down
collect 50
move down
collect 50
move down
collect 50
move down
collect 50
move down
collect 50
move down
collect 50
move down
collect 50
move down
collect 50
move down
collect 50
move down
collect 50
move down
collect 50
move down
collect 50
move down
collect 50
move down
collect 50
move down
collect 50
move down
collect 50
move down
collect 50
move down
collect 50
move down
collect 50
move down
collect 50
move down
collect 50
move down
collect 50
move down
collect 50
move down
collect 50
move down
collect 50
move down
collect 50
move down
collect 50
move down
collect 50
move down
collect 50
move down
collect 50
move down
collect 50
move down
collect 50
move down
collect 50
move down
collect 50
move down
collect 50
move down
collect 50
move down
collect 50
move down
collect 50
move down
collect 50
move down
collect 50
move down
collect 50
move down
collect 50
move down
collect 50
move down
collect 50
move down
collect 50
move down
collect 50
move down
collect 50
move down
collect 50
move down
collect 50
move down
collect 50
move down
collect 50
move down
collect 50
move down
collect 50
move down
collect 50
move down
collect 50
move down
collect 50
move down
collect 50
move down
collect 50
move down
collect 50
move down
collect 50
move down
collect 50
move down
collect 50
move down
collect 50
move down
collect 50
move down
collect 50
move down
collect 50
move down
collect 50
move down
collect 50
move down
collect 50
move down
collect 50
move down
collect 50
move down
collect 50
move down
collect 50
move down
collect 50
move down
collect 50
move down
collect 50
move down
collect 50
move down
collect 50
move down
collect 50
move down
collect 50
move down
collect 50
move down
collect 50
move down
collect 50
move down
collect 50
move down
collect 50
move down
collect 50
move down
collect 50
move down
collect 50
move down
collect 50
move down
collect 50
move down
collect 50
move down
collect 50
move down
collect 50
move down
collect 50
move down
collect 50
move down
collect 50
move down
collect 50
move down
collect 50
move down
collect 50
move down
collect 50
move down
collect 50
move down
collect 50
move down
collect 50
move down
collect 50
move down
collect 50
move down
collect 50
move down
collect 50
move down
collect 50
move down
collect 50
move down
collect 50
move down
collect 50
move down
collect 50
move down
collect 50
move down
collect 50
move down
collect 50
move down
collect 50
move down
collect 50
move down
collect 50
move down
collect 50
move down
collect 50
move down
collect 50
move down
collect 50
move down
collect 50
move down
collect 50
move down
collect 50
move down
collect 50
move down
collect 50
move down
collect 50
move down
collect 50
move down
collect 50
move down
collect 50
move down
collect 50
move down
collect 50
move down
collect 50
move down
collect 50
move down
collect 50
move down
collect 50
move down
collect 50
move down
collect 50
move down
collect 50
move down
collect 50
move down
collect 50
move down
collect 50
move down
collect 50
move down
collect 50
move down
collect 50
move down
collect 50
move down
collect 50
move down
collect 50
move down
collect 50
move down
collect 50
move down
collect 50
move down
collect 50
move down
collect 50
move down
collect 50
move down
collect 50
move down
collect 50
move down
collect 50
move down
collect 50
move down
collect 50
move down
collect 50
move down
collect 50
move down
collect 50
move down
collect 50
move down
collect 50
move down
collect 50
move down
collect 50
move down
collect 50
move down
collect 50
move down
collect 50
move down
collect 50
move down
collect 50
move down
collect 50
move down
collect 50
move down
collect 50
move down
collect 50
move down
collect 50
move down
collect 50
move down
collect 50
move down
collect 50
move down
collect 50
move down
collect 50
move down
collect 50
move down
collect 50
move down
collect 50
move down
collect 50
move down
collect 50
move down
collect 50
move down
collect 50
move down
collect 50
move down
collect 50
move down
collect 50
move down
collect 50
move down
collect 50
move down
collect 50
move down
collect 50
move down
collect 50
move down
collect 50
move down
collect 50
move down
collect 50
move down
collect 50
move down
collect 50
move down
collect 50
move down
collect 50
move down
collect 50
move down
collect 50
move down
collect 50
move down
collect 50
move down
collect 50
move down
collect 50
move down
collect 50
move down
collect 50
move down
collect 50
move down
collect 50
move down
collect 50
move down
collect 50
move down
collect 50
move down
collect 50
move down
collect 50
move down
collect 50
move down
collect 50
move down
collect 50
move down
collect 50
move down
collect 50
move down
collect 50
move down
collect 50
move down
collect 50
move down
collect 50
move down
collect 50
move down
collect 50
move down
collect 50
move down
collect 50
move down
collect 50
move down
collect 50
move down
collect 50
move down
collect 50
move down
collect 50
move down
collect 50
move down
collect 50
move down
collect 50
move down
collect 50
move down
collect 50
move down
collect 50
move down
collect 50
move down
collect 50
move down
collect 50
move down
collect 50
move down
collect 50
move down
collect 50
move down
collect 50
move down
collect 50
move down
collect 50
move down
collect 50
move down
collect 50
move down
collect 50
move down
collect 50
move down
collect 50
move down
collect 50
move down
collect 50
move down
collect 50
move down
collect 50
move down
collect 50
move down
collect 50
move down
collect 50
move down
collect 50
move down
collect 50
move down
collect 50
move down
collect 50
move down
collect 50
move down
collect 50
move down
collect 50
move down
collect 50
move down
collect 50
move down
collect 50
move down
collect 50
move down
collect 50
move down
collect 50
move down
collect 50
move down
collect 50
move down
collect 50
move down
collect 50
move down
collect 50
move down
collect 50
move down
collect 50
move down
collect 50
move down
collect 50
move down
collect 50
move down
collect 50
move down
collect 50
move down
collect 50
move down
collect 50
move down
collect 50
move down
collect 50
move down
collect 50
move down
collect 50
move down
collect 50
move down
collect 50
move down
collect 50
move down
collect 50
move down
collect 50
move down
collect 50
move down
collect 50
move down
collect 50
move down
collect 50
move down
collect 50
move down
collect 50
move down
collect 50
move down
collect 50
move down
collect 50
move down
collect 50
move down
collect 50
move down
collect 50
move down
collect 50
move down
collect 50
move down
collect 50
move down
collect 50
move down
collect 50
move down
collect 50
move down
collect 50
move down
collect 50
move down
collect 50
move down
collect 50
move down
collect 50
move down
collect 50
move down
collect 50
move down
collect 50
move down
collect 50
move down
collect 50
move down
collect 50
move down
collect 50
move down
collect 50
move down
collect 50
move down
collect 50
move down
collect 50
move down
collect 50
move down
collect 50
move down
collect 50
move down
collect 50
move down
collect 50
move down
collect 50
move down
collect 50
move down
collect 50
move down
collect 50
move down
collect 50
move down
collect 50
move down
collect 50
move down
collect 50
move down
collect 50
move down
collect 50
move down
collect 50
move down
collect 50
move down
collect 50
move down
collect 50
move down
collect 50
move down
collect 50
move down
collect 50
move down
collect 50
move down
collect 50
move down
collect 50
move down
collect 50
move down
collect 50
move down
collect 50
move down
collect 50
move down
collect 50
move down
collect 50
move down
collect 50
move down
collect 50
move down
collect 50
move down
collect 50
move down
invest 1
{
  Deposit = 200,
  t = 1,
  nearbyDownright = 104,
  nearbyDownleft = 102,
  Budget = 1000,
  nearbyDown = 103,
  nearbyUpright = 105,
  nearbyUpleft = 101,
  nearbyUp = 106,
  opponentLoc = 45,
  m = 0,
}
]]></system-out>
  <system-err><![CDATA[1982
]]></system-err>
</testsuite>
